

Microchip MPLAB XC8 Assembler V2.32 build 20210201212658 
                                                                                               Mon Apr 26 04:27:52 2021

Microchip MPLAB XC8 C Compiler v2.32 (Free license) build 20210201212658 Og1 
     1                           	processor	18F4550
     2                           	fnconf	rparam,??,?,0
     3                           	pagewidth 120
     4                           	opt	flic
     5                           	psect	cinit,global,reloc=2,class=CODE,delta=1
     6                           	psect	bssCOMRAM,global,class=COMRAM,space=1,delta=1,lowdata,noexec
     7                           	psect	cstackCOMRAM,global,class=COMRAM,space=1,delta=1,lowdata,noexec
     8                           	psect	text0,global,reloc=2,class=CODE,delta=1
     9                           	psect	text1,global,reloc=2,class=CODE,delta=1
    10                           	psect	text2,global,reloc=2,class=CODE,delta=1
    11                           	psect	intcodelo,global,reloc=2,class=CODE,delta=1
    12                           	psect	intcode,global,reloc=2,class=CODE,delta=1
    13                           	psect	intcode_body,global,reloc=2,class=CODE,delta=1
    14                           	psect	intsave_regs,global,class=BIGRAM,space=1,delta=1,noexec
    15                           	psect	rparam,global,class=COMRAM,space=1,delta=1,noexec
    16                           	psect	temp,global,ovrld,common,class=COMRAM,space=1,delta=1
    17                           	psect	idloc,global,abs,ovrld,class=IDLOC,space=5,delta=1,noexec
    18                           	psect	config,global,abs,ovrld,class=CONFIG,space=4,delta=1,noexec
    19  0000                     
    20                           ; Version 2.20
    21                           ; Generated 12/02/2020 GMT
    22                           ; 
    23                           ; Copyright © 2020, Microchip Technology Inc. and its subsidiaries ("Microchip")
    24                           ; All rights reserved.
    25                           ; 
    26                           ; This software is developed by Microchip Technology Inc. and its subsidiaries ("Microch
      +                          ip").
    27                           ; 
    28                           ; Redistribution and use in source and binary forms, with or without modification, are
    29                           ; permitted provided that the following conditions are met:
    30                           ; 
    31                           ;     1. Redistributions of source code must retain the above copyright notice, this lis
      +                          t of
    32                           ;        conditions and the following disclaimer.
    33                           ; 
    34                           ;     2. Redistributions in binary form must reproduce the above copyright notice, this 
      +                          list
    35                           ;        of conditions and the following disclaimer in the documentation and/or other
    36                           ;        materials provided with the distribution.
    37                           ; 
    38                           ;     3. Microchip's name may not be used to endorse or promote products derived from th
      +                          is
    39                           ;        software without specific prior written permission.
    40                           ; 
    41                           ; THIS SOFTWARE IS PROVIDED BY MICROCHIP "AS IS" AND ANY EXPRESS OR IMPLIED WARRANTIES,
    42                           ; INCLUDING, BUT NOT LIMITED TO, THE IMPLIED WARRANTIES OF MERCHANTABILITY AND FITNESS F
      +                          OR
    43                           ; PURPOSE ARE DISCLAIMED.  IN NO EVENT SHALL MICROCHIP BE LIABLE FOR ANY DIRECT, INDIREC
      +                          T,
    44                           ; INCIDENTAL, SPECIAL, EXEMPLARY, OR CONSEQUENTIAL DAMAGES (INCLUDING BUT NOT LIMITED TO
    45                           ; PROCUREMENT OF SUBSTITUTE GOODS OR SERVICES; LOSS OF USE, DATA OR PROFITS; OR BUSINESS
    46                           ; INTERRUPTION) HOWSOEVER CAUSED AND ON ANY THEORY OF LIABILITY, WHETHER IN CONTRACT, ST
      +                          RICT
    47                           ; LIABILITY, OR TORT (INCLUDING NEGLIGENCE OR OTHERWISE) ARISING IN ANY WAY OUT OF THE U
      +                          SE OF
    48                           ; THIS SOFTWARE, EVEN IF ADVISED OF THE POSSIBILITY OF SUCH DAMAGE.
    49                           ; 
    50                           ; 
    51                           ; Code-generator required, PIC18F4550 Definitions
    52                           ; 
    53                           ; SFR Addresses
    54  0000                     _INTCON2bits	set	4081
    55  0000                     _T0CONbits	set	4053
    56  0000                     _TRISDbits	set	3989
    57  0000                     _LATDbits	set	3980
    58  0000                     _TMR0H	set	4055
    59  0000                     _TMR0L	set	4054
    60  0000                     _INTCONbits	set	4082
    61  0000                     _RCONbits	set	4048
    62                           
    63                           ; #config settings
    64                           
    65                           	psect	cinit
    66  00008A                     __pcinit:
    67                           	callstack 0
    68  00008A                     start_initialization:
    69                           	callstack 0
    70  00008A                     __initialization:
    71                           	callstack 0
    72                           
    73                           ; Clear objects allocated to COMRAM (2 bytes)
    74  00008A  6A02               	clrf	(__pbssCOMRAM+1)& (0+255),c
    75  00008C  6A01               	clrf	__pbssCOMRAM& (0+255),c
    76  00008E                     end_of_initialization:
    77                           	callstack 0
    78  00008E                     __end_of__initialization:
    79                           	callstack 0
    80  00008E  9005               	bcf	int$flags,0,c	;clear compiler interrupt flag (level 1)
    81  000090  9205               	bcf	int$flags,1,c	;clear compiler interrupt flag (level 2)
    82  000092  0100               	movlb	0
    83  000094  EF3C  F000         	goto	_main	;jump to C main() function
    84                           
    85                           	psect	bssCOMRAM
    86  000001                     __pbssCOMRAM:
    87                           	callstack 0
    88  000001                     _x:
    89                           	callstack 0
    90  000001                     	ds	2
    91                           
    92                           	psect	cstackCOMRAM
    93  000003                     __pcstackCOMRAM:
    94                           	callstack 0
    95  000003                     ??_INT_TMR0_ALTA:
    96  000003                     
    97                           ; 1 bytes @ 0x0
    98  000003                     	ds	1
    99  000004                     ??_INT_TMR0_BAJA:
   100                           
   101                           ; 1 bytes @ 0x1
   102  000004                     	ds	1
   103  000005                     
   104                           ; 1 bytes @ 0x2
   105 ;;
   106 ;;Main: autosize = 0, tempsize = 0, incstack = 0, save=0
   107 ;;
   108 ;; *************** function _main *****************
   109 ;; Defined at:
   110 ;;		line 13 in file "main.c"
   111 ;; Parameters:    Size  Location     Type
   112 ;;		None
   113 ;; Auto vars:     Size  Location     Type
   114 ;;		None
   115 ;; Return value:  Size  Location     Type
   116 ;;                  1    wreg      void 
   117 ;; Registers used:
   118 ;;		wreg, status,2, cstack
   119 ;; Tracked objects:
   120 ;;		On entry : 0/0
   121 ;;		On exit  : 0/0
   122 ;;		Unchanged: 0/0
   123 ;; Data sizes:     COMRAM   BANK0   BANK1   BANK2   BANK3   BANK4   BANK5   BANK6   BANK7
   124 ;;      Params:         0       0       0       0       0       0       0       0       0
   125 ;;      Locals:         0       0       0       0       0       0       0       0       0
   126 ;;      Temps:          0       0       0       0       0       0       0       0       0
   127 ;;      Totals:         0       0       0       0       0       0       0       0       0
   128 ;;Total ram usage:        0 bytes
   129 ;; Hardware stack levels required when called: 3
   130 ;; This function calls:
   131 ;;		_INT_Init
   132 ;;		_Timer0_Init
   133 ;; This function is called by:
   134 ;;		Startup code after reset
   135 ;; This function uses a non-reentrant model
   136 ;;
   137                           
   138                           	psect	text0
   139  000078                     __ptext0:
   140                           	callstack 0
   141  000078                     _main:
   142                           	callstack 28
   143  000078                     
   144                           ;main.c: 14:     TRISDbits.RD0 = 0;
   145  000078  9095               	bcf	149,0,c	;volatile
   146  00007A                     
   147                           ;main.c: 15:     Timer0_Init();
   148  00007A  EC2D  F000         	call	_Timer0_Init	;wreg free
   149  00007E                     
   150                           ;main.c: 16:     INT_Init();
   151  00007E  EC4C  F000         	call	_INT_Init	;wreg free
   152  000082                     l36:
   153  000082  EF41  F000         	goto	l36
   154  000086  EF13  F000         	goto	start
   155  00008A                     __end_of_main:
   156                           	callstack 0
   157                           
   158 ;; *************** function _Timer0_Init *****************
   159 ;; Defined at:
   160 ;;		line 19 in file "timers_libreria.c"
   161 ;; Parameters:    Size  Location     Type
   162 ;;		None
   163 ;; Auto vars:     Size  Location     Type
   164 ;;		None
   165 ;; Return value:  Size  Location     Type
   166 ;;                  1    wreg      void 
   167 ;; Registers used:
   168 ;;		wreg, status,2
   169 ;; Tracked objects:
   170 ;;		On entry : 0/0
   171 ;;		On exit  : 0/0
   172 ;;		Unchanged: 0/0
   173 ;; Data sizes:     COMRAM   BANK0   BANK1   BANK2   BANK3   BANK4   BANK5   BANK6   BANK7
   174 ;;      Params:         0       0       0       0       0       0       0       0       0
   175 ;;      Locals:         0       0       0       0       0       0       0       0       0
   176 ;;      Temps:          0       0       0       0       0       0       0       0       0
   177 ;;      Totals:         0       0       0       0       0       0       0       0       0
   178 ;;Total ram usage:        0 bytes
   179 ;; Hardware stack levels used: 1
   180 ;; Hardware stack levels required when called: 2
   181 ;; This function calls:
   182 ;;		Nothing
   183 ;; This function is called by:
   184 ;;		_main
   185 ;; This function uses a non-reentrant model
   186 ;;
   187                           
   188                           	psect	text1
   189  00005A                     __ptext1:
   190                           	callstack 0
   191  00005A                     _Timer0_Init:
   192                           	callstack 28
   193  00005A                     
   194                           ;timers_libreria.c: 21:     T0CONbits.TMR0ON = 1;
   195  00005A  8ED5               	bsf	213,7,c	;volatile
   196                           
   197                           ;timers_libreria.c: 22:     T0CONbits.T0CS = 0;
   198  00005C  9AD5               	bcf	213,5,c	;volatile
   199                           
   200                           ;timers_libreria.c: 23:     T0CONbits.T08BIT = 0;
   201  00005E  9CD5               	bcf	213,6,c	;volatile
   202                           
   203                           ;timers_libreria.c: 24:     T0CONbits.PSA = 0;
   204  000060  96D5               	bcf	213,3,c	;volatile
   205                           
   206                           ;timers_libreria.c: 26:     T0CONbits.T0PS2 = 1;
   207  000062  84D5               	bsf	213,2,c	;volatile
   208                           
   209                           ;timers_libreria.c: 27:     T0CONbits.T0PS1 = 1;
   210  000064  82D5               	bsf	213,1,c	;volatile
   211                           
   212                           ;timers_libreria.c: 28:     T0CONbits.T0PS0 = 1;
   213  000066  80D5               	bsf	213,0,c	;volatile
   214  000068                     
   215                           ;timers_libreria.c: 32:     TMR0L = 0xb3;
   216  000068  0EB3               	movlw	179
   217  00006A  6ED6               	movwf	214,c	;volatile
   218                           
   219                           ;timers_libreria.c: 33:     TMR0H = 0xb3;
   220  00006C  0EB3               	movlw	179
   221  00006E  6ED7               	movwf	215,c	;volatile
   222  000070                     
   223                           ;timers_libreria.c: 35:     INTCONbits.TMR0IE = 1;
   224  000070  8AF2               	bsf	242,5,c	;volatile
   225  000072                     
   226                           ;timers_libreria.c: 36:     INTCONbits.TMR0IF = 0;
   227  000072  94F2               	bcf	242,2,c	;volatile
   228  000074                     
   229                           ;timers_libreria.c: 38:     INTCON2bits.TMR0IP = 1;
   230  000074  84F1               	bsf	241,2,c	;volatile
   231  000076  0012               	return		;funcret
   232  000078                     __end_of_Timer0_Init:
   233                           	callstack 0
   234                           
   235 ;; *************** function _INT_Init *****************
   236 ;; Defined at:
   237 ;;		line 12 in file "interrupcion_libreria.c"
   238 ;; Parameters:    Size  Location     Type
   239 ;;		None
   240 ;; Auto vars:     Size  Location     Type
   241 ;;		None
   242 ;; Return value:  Size  Location     Type
   243 ;;                  1    wreg      void 
   244 ;; Registers used:
   245 ;;		None
   246 ;; Tracked objects:
   247 ;;		On entry : 0/0
   248 ;;		On exit  : 0/0
   249 ;;		Unchanged: 0/0
   250 ;; Data sizes:     COMRAM   BANK0   BANK1   BANK2   BANK3   BANK4   BANK5   BANK6   BANK7
   251 ;;      Params:         0       0       0       0       0       0       0       0       0
   252 ;;      Locals:         0       0       0       0       0       0       0       0       0
   253 ;;      Temps:          0       0       0       0       0       0       0       0       0
   254 ;;      Totals:         0       0       0       0       0       0       0       0       0
   255 ;;Total ram usage:        0 bytes
   256 ;; Hardware stack levels used: 1
   257 ;; Hardware stack levels required when called: 2
   258 ;; This function calls:
   259 ;;		Nothing
   260 ;; This function is called by:
   261 ;;		_main
   262 ;; This function uses a non-reentrant model
   263 ;;
   264                           
   265                           	psect	text2
   266  000098                     __ptext2:
   267                           	callstack 0
   268  000098                     _INT_Init:
   269                           	callstack 28
   270  000098                     
   271                           ;interrupcion_libreria.c: 13:     RCONbits.IPEN = 1;
   272  000098  8ED0               	bsf	208,7,c	;volatile
   273                           
   274                           ;interrupcion_libreria.c: 14:     INTCONbits.GIEH = 1;
   275  00009A  8EF2               	bsf	242,7,c	;volatile
   276                           
   277                           ;interrupcion_libreria.c: 15:     INTCONbits.GIEL = 1;
   278  00009C  8CF2               	bsf	242,6,c	;volatile
   279  00009E  0012               	return		;funcret
   280  0000A0                     __end_of_INT_Init:
   281                           	callstack 0
   282                           
   283 ;; *************** function _INT_TMR0_BAJA *****************
   284 ;; Defined at:
   285 ;;		line 25 in file "interrupcion_libreria.c"
   286 ;; Parameters:    Size  Location     Type
   287 ;;		None
   288 ;; Auto vars:     Size  Location     Type
   289 ;;		None
   290 ;; Return value:  Size  Location     Type
   291 ;;                  1    wreg      void 
   292 ;; Registers used:
   293 ;;		None
   294 ;; Tracked objects:
   295 ;;		On entry : 0/0
   296 ;;		On exit  : 0/0
   297 ;;		Unchanged: 0/0
   298 ;; Data sizes:     COMRAM   BANK0   BANK1   BANK2   BANK3   BANK4   BANK5   BANK6   BANK7
   299 ;;      Params:         0       0       0       0       0       0       0       0       0
   300 ;;      Locals:         0       0       0       0       0       0       0       0       0
   301 ;;      Temps:          1       0       0       0       0       0       0       0       0
   302 ;;      Totals:         1       0       0       0       0       0       0       0       0
   303 ;;Total ram usage:        1 bytes
   304 ;; Hardware stack levels used: 1
   305 ;; Hardware stack levels required when called: 1
   306 ;; This function calls:
   307 ;;		Nothing
   308 ;; This function is called by:
   309 ;;		Interrupt level 1
   310 ;; This function uses a non-reentrant model
   311 ;;
   312                           
   313                           	psect	intcodelo
   314  000018                     __pintcodelo:
   315                           	callstack 0
   316  000018                     _INT_TMR0_BAJA:
   317                           	callstack 28
   318                           
   319                           ;incstack = 0
   320  000018  8005               	bsf	int$flags,0,c	;set compiler interrupt flag (level 1)
   321  00001A  CFE0 F004          	movff	bsr,??_INT_TMR0_BAJA
   322  00001E  C004  FFE0         	movff	??_INT_TMR0_BAJA,bsr
   323  000022  9005               	bcf	int$flags,0,c	;clear compiler interrupt flag (level 1)
   324  000024  0010               	retfie	
   325  000026                     __end_of_INT_TMR0_BAJA:
   326                           	callstack 0
   327                           
   328 ;; *************** function _INT_TMR0_ALTA *****************
   329 ;; Defined at:
   330 ;;		line 18 in file "interrupcion_libreria.c"
   331 ;; Parameters:    Size  Location     Type
   332 ;;		None
   333 ;; Auto vars:     Size  Location     Type
   334 ;;		None
   335 ;; Return value:  Size  Location     Type
   336 ;;                  1    wreg      void 
   337 ;; Registers used:
   338 ;;		wreg, status,2, status,0
   339 ;; Tracked objects:
   340 ;;		On entry : 0/0
   341 ;;		On exit  : 0/0
   342 ;;		Unchanged: 0/0
   343 ;; Data sizes:     COMRAM   BANK0   BANK1   BANK2   BANK3   BANK4   BANK5   BANK6   BANK7
   344 ;;      Params:         0       0       0       0       0       0       0       0       0
   345 ;;      Locals:         0       0       0       0       0       0       0       0       0
   346 ;;      Temps:          1       0       0       0       0       0       0       0       0
   347 ;;      Totals:         1       0       0       0       0       0       0       0       0
   348 ;;Total ram usage:        1 bytes
   349 ;; Hardware stack levels used: 1
   350 ;; This function calls:
   351 ;;		Nothing
   352 ;; This function is called by:
   353 ;;		Interrupt level 2
   354 ;; This function uses a non-reentrant model
   355 ;;
   356                           
   357                           	psect	intcode
   358  000008                     __pintcode:
   359                           	callstack 0
   360  000008                     _INT_TMR0_ALTA:
   361                           	callstack 28
   362                           
   363                           ;incstack = 0
   364  000008  8205               	bsf	int$flags,1,c	;set compiler interrupt flag (level 2)
   365  00000A  ED15  F000         	call	int_func,f	;refresh shadow registers
   366                           
   367                           	psect	intcode_body
   368  00002A                     __pintcode_body:
   369                           	callstack 28
   370  00002A                     int_func:
   371                           	callstack 28
   372  00002A  0006               	pop		; remove dummy address from shadow register refresh
   373  00002C                     
   374                           ;interrupcion_libreria.c: 20:     TMR0L = 0xb3;
   375  00002C  0EB3               	movlw	179
   376  00002E  6ED6               	movwf	214,c	;volatile
   377                           
   378                           ;interrupcion_libreria.c: 21:     TMR0H = 0xb3;
   379  000030  0EB3               	movlw	179
   380  000032  6ED7               	movwf	215,c	;volatile
   381  000034                     
   382                           ;interrupcion_libreria.c: 22:     LATDbits.LATD0 = ~LATDbits.LATD0;
   383  000034  B08C               	btfsc	140,0,c	;volatile
   384  000036  EF1F  F000         	goto	i2u1_41
   385  00003A  EF22  F000         	goto	i2u1_40
   386  00003E                     i2u1_41:
   387  00003E  0E01               	movlw	1
   388  000040  EF23  F000         	goto	i2u1_46
   389  000044                     i2u1_40:
   390  000044  0E00               	movlw	0
   391  000046                     i2u1_46:
   392  000046  0AFF               	xorlw	255
   393  000048  6E03               	movwf	??_INT_TMR0_ALTA^0,c
   394  00004A  508C               	movf	140,w,c	;volatile
   395  00004C  1803               	xorwf	??_INT_TMR0_ALTA^0,w,c
   396  00004E  0BFE               	andlw	-2
   397  000050  1803               	xorwf	??_INT_TMR0_ALTA^0,w,c
   398  000052  6E8C               	movwf	140,c	;volatile
   399  000054                     
   400                           ;interrupcion_libreria.c: 23:     INTCONbits.TMR0IF = 0;
   401  000054  94F2               	bcf	242,2,c	;volatile
   402  000056  9205               	bcf	int$flags,1,c	;clear compiler interrupt flag (level 2)
   403  000058  0011               	retfie		f
   404  00005A                     __end_of_INT_TMR0_ALTA:
   405                           	callstack 0
   406  0000                     
   407                           	psect	rparam
   408  0000                     
   409                           	psect	temp
   410  000005                     btemp:
   411                           	callstack 0
   412  000005                     	ds	1
   413  0000                     int$flags	set	btemp
   414  0000                     wtemp8	set	btemp+1
   415  0000                     ttemp5	set	btemp+1
   416  0000                     ttemp6	set	btemp+4
   417  0000                     ttemp7	set	btemp+8
   418                           
   419                           	psect	idloc
   420                           
   421                           ;Config register IDLOC0 @ 0x200000
   422                           ;	unspecified, using default values
   423  200000                     	org	2097152
   424  200000  FF                 	db	255
   425                           
   426                           ;Config register IDLOC1 @ 0x200001
   427                           ;	unspecified, using default values
   428  200001                     	org	2097153
   429  200001  FF                 	db	255
   430                           
   431                           ;Config register IDLOC2 @ 0x200002
   432                           ;	unspecified, using default values
   433  200002                     	org	2097154
   434  200002  FF                 	db	255
   435                           
   436                           ;Config register IDLOC3 @ 0x200003
   437                           ;	unspecified, using default values
   438  200003                     	org	2097155
   439  200003  FF                 	db	255
   440                           
   441                           ;Config register IDLOC4 @ 0x200004
   442                           ;	unspecified, using default values
   443  200004                     	org	2097156
   444  200004  FF                 	db	255
   445                           
   446                           ;Config register IDLOC5 @ 0x200005
   447                           ;	unspecified, using default values
   448  200005                     	org	2097157
   449  200005  FF                 	db	255
   450                           
   451                           ;Config register IDLOC6 @ 0x200006
   452                           ;	unspecified, using default values
   453  200006                     	org	2097158
   454  200006  FF                 	db	255
   455                           
   456                           ;Config register IDLOC7 @ 0x200007
   457                           ;	unspecified, using default values
   458  200007                     	org	2097159
   459  200007  FF                 	db	255
   460                           
   461                           	psect	config
   462                           
   463                           ;Config register CONFIG1L @ 0x300000
   464                           ;	PLL Prescaler Selection bits
   465                           ;	PLLDIV = 1, No prescale (4 MHz oscillator input drives PLL directly)
   466                           ;	System Clock Postscaler Selection bits
   467                           ;	CPUDIV = OSC1_PLL2, [Primary Oscillator Src: /1][96 MHz PLL Src: /2]
   468                           ;	USB Clock Selection bit (used in Full-Speed USB mode only; UCFG:FSEN = 1)
   469                           ;	USBDIV = 1, USB clock source comes directly from the primary oscillator block with no 
      +                          postscale
   470  300000                     	org	3145728
   471  300000  00                 	db	0
   472                           
   473                           ;Config register CONFIG1H @ 0x300001
   474                           ;	Oscillator Selection bits
   475                           ;	FOSC = HS, HS oscillator (HS)
   476                           ;	Fail-Safe Clock Monitor Enable bit
   477                           ;	FCMEN = OFF, Fail-Safe Clock Monitor disabled
   478                           ;	Internal/External Oscillator Switchover bit
   479                           ;	IESO = ON, Oscillator Switchover mode enabled
   480  300001                     	org	3145729
   481  300001  8C                 	db	140
   482                           
   483                           ;Config register CONFIG2L @ 0x300002
   484                           ;	Power-up Timer Enable bit
   485                           ;	PWRT = ON, PWRT enabled
   486                           ;	Brown-out Reset Enable bits
   487                           ;	BOR = OFF, Brown-out Reset disabled in hardware and software
   488                           ;	Brown-out Reset Voltage bits
   489                           ;	BORV = 3, Minimum setting 2.05V
   490                           ;	USB Voltage Regulator Enable bit
   491                           ;	VREGEN = OFF, USB voltage regulator disabled
   492  300002                     	org	3145730
   493  300002  18                 	db	24
   494                           
   495                           ;Config register CONFIG2H @ 0x300003
   496                           ;	Watchdog Timer Enable bit
   497                           ;	WDT = OFF, WDT disabled (control is placed on the SWDTEN bit)
   498                           ;	Watchdog Timer Postscale Select bits
   499                           ;	WDTPS = 32768, 1:32768
   500  300003                     	org	3145731
   501  300003  1E                 	db	30
   502                           
   503                           ; Padding undefined space
   504  300004                     	org	3145732
   505  300004  FF                 	db	255
   506                           
   507                           ;Config register CONFIG3H @ 0x300005
   508                           ;	CCP2 MUX bit
   509                           ;	CCP2MX = ON, CCP2 input/output is multiplexed with RC1
   510                           ;	PORTB A/D Enable bit
   511                           ;	PBADEN = OFF, PORTB<4:0> pins are configured as digital I/O on Reset
   512                           ;	Low-Power Timer 1 Oscillator Enable bit
   513                           ;	LPT1OSC = OFF, Timer1 configured for higher power operation
   514                           ;	MCLR Pin Enable bit
   515                           ;	MCLRE = ON, MCLR pin enabled; RE3 input pin disabled
   516  300005                     	org	3145733
   517  300005  81                 	db	129
   518                           
   519                           ;Config register CONFIG4L @ 0x300006
   520                           ;	Stack Full/Underflow Reset Enable bit
   521                           ;	STVREN = OFF, Stack full/underflow will not cause Reset
   522                           ;	Single-Supply ICSP Enable bit
   523                           ;	LVP = OFF, Single-Supply ICSP disabled
   524                           ;	Dedicated In-Circuit Debug/Programming Port (ICPORT) Enable bit
   525                           ;	ICPRT = OFF, ICPORT disabled
   526                           ;	Extended Instruction Set Enable bit
   527                           ;	XINST = OFF, Instruction set extension and Indexed Addressing mode disabled (Legacy mo
      +                          de)
   528                           ;	Background Debugger Enable bit
   529                           ;	DEBUG = 0x1, unprogrammed default
   530  300006                     	org	3145734
   531  300006  80                 	db	128
   532                           
   533                           ; Padding undefined space
   534  300007                     	org	3145735
   535  300007  FF                 	db	255
   536                           
   537                           ;Config register CONFIG5L @ 0x300008
   538                           ;	Code Protection bit
   539                           ;	CP0 = OFF, Block 0 (000800-001FFFh) is not code-protected
   540                           ;	Code Protection bit
   541                           ;	CP1 = OFF, Block 1 (002000-003FFFh) is not code-protected
   542                           ;	Code Protection bit
   543                           ;	CP2 = OFF, Block 2 (004000-005FFFh) is not code-protected
   544                           ;	Code Protection bit
   545                           ;	CP3 = OFF, Block 3 (006000-007FFFh) is not code-protected
   546  300008                     	org	3145736
   547  300008  0F                 	db	15
   548                           
   549                           ;Config register CONFIG5H @ 0x300009
   550                           ;	Boot Block Code Protection bit
   551                           ;	CPB = OFF, Boot block (000000-0007FFh) is not code-protected
   552                           ;	Data EEPROM Code Protection bit
   553                           ;	CPD = OFF, Data EEPROM is not code-protected
   554  300009                     	org	3145737
   555  300009  C0                 	db	192
   556                           
   557                           ;Config register CONFIG6L @ 0x30000A
   558                           ;	Write Protection bit
   559                           ;	WRT0 = OFF, Block 0 (000800-001FFFh) is not write-protected
   560                           ;	Write Protection bit
   561                           ;	WRT1 = OFF, Block 1 (002000-003FFFh) is not write-protected
   562                           ;	Write Protection bit
   563                           ;	WRT2 = OFF, Block 2 (004000-005FFFh) is not write-protected
   564                           ;	Write Protection bit
   565                           ;	WRT3 = OFF, Block 3 (006000-007FFFh) is not write-protected
   566  30000A                     	org	3145738
   567  30000A  0F                 	db	15
   568                           
   569                           ;Config register CONFIG6H @ 0x30000B
   570                           ;	Configuration Register Write Protection bit
   571                           ;	WRTC = OFF, Configuration registers (300000-3000FFh) are not write-protected
   572                           ;	Boot Block Write Protection bit
   573                           ;	WRTB = OFF, Boot block (000000-0007FFh) is not write-protected
   574                           ;	Data EEPROM Write Protection bit
   575                           ;	WRTD = OFF, Data EEPROM is not write-protected
   576  30000B                     	org	3145739
   577  30000B  E0                 	db	224
   578                           
   579                           ;Config register CONFIG7L @ 0x30000C
   580                           ;	Table Read Protection bit
   581                           ;	EBTR0 = OFF, Block 0 (000800-001FFFh) is not protected from table reads executed in ot
      +                          her blocks
   582                           ;	Table Read Protection bit
   583                           ;	EBTR1 = OFF, Block 1 (002000-003FFFh) is not protected from table reads executed in ot
      +                          her blocks
   584                           ;	Table Read Protection bit
   585                           ;	EBTR2 = OFF, Block 2 (004000-005FFFh) is not protected from table reads executed in ot
      +                          her blocks
   586                           ;	Table Read Protection bit
   587                           ;	EBTR3 = OFF, Block 3 (006000-007FFFh) is not protected from table reads executed in ot
      +                          her blocks
   588  30000C                     	org	3145740
   589  30000C  0F                 	db	15
   590                           
   591                           ;Config register CONFIG7H @ 0x30000D
   592                           ;	Boot Block Table Read Protection bit
   593                           ;	EBTRB = OFF, Boot block (000000-0007FFh) is not protected from table reads executed in
      +                           other blocks
   594  30000D                     	org	3145741
   595  30000D  40                 	db	64
   596                           tosu	equ	0xFFF
   597                           tosh	equ	0xFFE
   598                           tosl	equ	0xFFD
   599                           stkptr	equ	0xFFC
   600                           pclatu	equ	0xFFB
   601                           pclath	equ	0xFFA
   602                           pcl	equ	0xFF9
   603                           tblptru	equ	0xFF8
   604                           tblptrh	equ	0xFF7
   605                           tblptrl	equ	0xFF6
   606                           tablat	equ	0xFF5
   607                           prodh	equ	0xFF4
   608                           prodl	equ	0xFF3
   609                           indf0	equ	0xFEF
   610                           postinc0	equ	0xFEE
   611                           postdec0	equ	0xFED
   612                           preinc0	equ	0xFEC
   613                           plusw0	equ	0xFEB
   614                           fsr0h	equ	0xFEA
   615                           fsr0l	equ	0xFE9
   616                           wreg	equ	0xFE8
   617                           indf1	equ	0xFE7
   618                           postinc1	equ	0xFE6
   619                           postdec1	equ	0xFE5
   620                           preinc1	equ	0xFE4
   621                           plusw1	equ	0xFE3
   622                           fsr1h	equ	0xFE2
   623                           fsr1l	equ	0xFE1
   624                           bsr	equ	0xFE0
   625                           indf2	equ	0xFDF
   626                           postinc2	equ	0xFDE
   627                           postdec2	equ	0xFDD
   628                           preinc2	equ	0xFDC
   629                           plusw2	equ	0xFDB
   630                           fsr2h	equ	0xFDA
   631                           fsr2l	equ	0xFD9
   632                           status	equ	0xFD8

Data Sizes:
    Strings     0
    Constant    0
    Data        0
    BSS         2
    Persistent  0
    Stack       0

Auto Spaces:
    Space          Size  Autos    Used
    COMRAM           94      2       4
    BANK0           160      0       0
    BANK1           256      0       0
    BANK2           256      0       0
    BANK3           256      0       0
    BANK4           256      0       0
    BANK5           256      0       0
    BANK6           256      0       0
    BANK7           256      0       0

Pointer List with Targets:

    None.

Critical Paths under _main in COMRAM

    None.

Critical Paths under _INT_TMR0_BAJA in COMRAM

    None.

Critical Paths under _INT_TMR0_ALTA in COMRAM

    None.

Critical Paths under _main in BANK0

    None.

Critical Paths under _INT_TMR0_BAJA in BANK0

    None.

Critical Paths under _INT_TMR0_ALTA in BANK0

    None.

Critical Paths under _main in BANK1

    None.

Critical Paths under _INT_TMR0_BAJA in BANK1

    None.

Critical Paths under _INT_TMR0_ALTA in BANK1

    None.

Critical Paths under _main in BANK2

    None.

Critical Paths under _INT_TMR0_BAJA in BANK2

    None.

Critical Paths under _INT_TMR0_ALTA in BANK2

    None.

Critical Paths under _main in BANK3

    None.

Critical Paths under _INT_TMR0_BAJA in BANK3

    None.

Critical Paths under _INT_TMR0_ALTA in BANK3

    None.

Critical Paths under _main in BANK4

    None.

Critical Paths under _INT_TMR0_BAJA in BANK4

    None.

Critical Paths under _INT_TMR0_ALTA in BANK4

    None.

Critical Paths under _main in BANK5

    None.

Critical Paths under _INT_TMR0_BAJA in BANK5

    None.

Critical Paths under _INT_TMR0_ALTA in BANK5

    None.

Critical Paths under _main in BANK6

    None.

Critical Paths under _INT_TMR0_BAJA in BANK6

    None.

Critical Paths under _INT_TMR0_ALTA in BANK6

    None.

Critical Paths under _main in BANK7

    None.

Critical Paths under _INT_TMR0_BAJA in BANK7

    None.

Critical Paths under _INT_TMR0_ALTA in BANK7

    None.

Call Graph Tables:

 ---------------------------------------------------------------------------------
 (Depth) Function   	        Calls       Base Space   Used Autos Params    Refs
 ---------------------------------------------------------------------------------
 (0) _main                                                 0     0      0       0
                           _INT_Init
                        _Timer0_Init
 ---------------------------------------------------------------------------------
 (1) _Timer0_Init                                          0     0      0       0
 ---------------------------------------------------------------------------------
 (1) _INT_Init                                             0     0      0       0
 ---------------------------------------------------------------------------------
 Estimated maximum stack depth 1
 ---------------------------------------------------------------------------------
 (Depth) Function   	        Calls       Base Space   Used Autos Params    Refs
 ---------------------------------------------------------------------------------
 (2) _INT_TMR0_BAJA                                        1     1      0       0
                                              1 COMRAM     1     1      0
 ---------------------------------------------------------------------------------
 Estimated maximum stack depth 2
 ---------------------------------------------------------------------------------
 (Depth) Function   	        Calls       Base Space   Used Autos Params    Refs
 ---------------------------------------------------------------------------------
 (3) _INT_TMR0_ALTA                                        1     1      0       0
                                              0 COMRAM     1     1      0
 ---------------------------------------------------------------------------------
 Estimated maximum stack depth 3
 ---------------------------------------------------------------------------------

 Call Graph Graphs:

 _main (ROOT)
   _INT_Init
   _Timer0_Init

 _INT_TMR0_BAJA (ROOT)

 _INT_TMR0_ALTA (ROOT)

 Address spaces:
Name               Size   Autos  Total    Cost      Usage
BIGRAM             7FF      0       0      21        0.0%
EEDATA             100      0       0       0        0.0%
BITBANK7           100      0       0      18        0.0%
BANK7              100      0       0      19        0.0%
BITBANK6           100      0       0      16        0.0%
BANK6              100      0       0      17        0.0%
BITBANK5           100      0       0      14        0.0%
BANK5              100      0       0      15        0.0%
BITBANK4           100      0       0      12        0.0%
BANK4              100      0       0      13        0.0%
BITBANK3           100      0       0      10        0.0%
BANK3              100      0       0      11        0.0%
BITBANK2           100      0       0       8        0.0%
BANK2              100      0       0       9        0.0%
BITBANK1           100      0       0       6        0.0%
BANK1              100      0       0       7        0.0%
BITBANK0            A0      0       0       4        0.0%
BANK0               A0      0       0       5        0.0%
BITCOMRAM           5E      0       0       0        0.0%
COMRAM              5E      2       4       1        4.3%
BITSFR               0      0       0     200        0.0%
SFR                  0      0       0     200        0.0%
STACK                0      0       0       2        0.0%
NULL                 0      0       0       0        0.0%
ABS                  0      0       4      20        0.0%
DATA                 0      0       4       3        0.0%
CODE                 0      0       0       0        0.0%


Microchip Technology PIC18 Macro Assembler V2.32 build 20210201212658 
Symbol Table                                                                                   Mon Apr 26 04:27:52 2021

                      _x 0001                       l15 009E                       l52 0076  
                     l36 0082                       l37 0082                       bsr 000FE0  
                    l730 005A                      l732 0068                      l734 0070  
                    l750 007E                      l728 0098                      l736 0072  
                    l738 0074                      l746 0078                      l748 007A  
                   i1l25 001E                     i2l20 0056                     _main 0078  
                   btemp 0005                     start 0026             ___param_bank 000000  
                  ?_main 0003                    i2l740 002C                    i2l742 0034  
                  i2l744 0054                    _TMR0H 000FD7                    _TMR0L 000FD6  
       __end_of_INT_Init 00A0                    ttemp5 0006                    ttemp6 0009  
                  ttemp7 000D                    wtemp8 0006          __initialization 008A  
           __end_of_main 008A                   ??_main 0005            __activetblptr 000000  
                 i2u1_40 0044                   i2u1_41 003E                   i2u1_46 0046  
          ??_Timer0_Init 0005                   isa$std 000001   __size_of_INT_TMR0_BAJA 000E  
 __size_of_INT_TMR0_ALTA 0052               __accesstop 0060  __end_of__initialization 008E  
          ___rparam_used 000001                ?_INT_Init 0003           __pcstackCOMRAM 0003  
    __end_of_Timer0_Init 0078               ??_INT_Init 0005            _INT_TMR0_BAJA 0018  
          _INT_TMR0_ALTA 0008                  __Hparam 0000              _Timer0_Init 005A  
                __Lparam 0000           ?_INT_TMR0_BAJA 0003           ?_INT_TMR0_ALTA 0003  
                __pcinit 008A                  __ramtop 0800                  __ptext0 0078  
                __ptext1 005A                  __ptext2 0098                _T0CONbits 000FD5  
         __pintcode_body 002A     end_of_initialization 008E                  int_func 002A  
              _TRISDbits 000F95          ??_INT_TMR0_BAJA 0004          ??_INT_TMR0_ALTA 0003  
      __size_of_INT_Init 0008      start_initialization 008A              __pbssCOMRAM 0001  
           ?_Timer0_Init 0003                __pintcode 0008              __pintcodelo 0018  
               _LATDbits 000F8C                 _INT_Init 0098                 _RCONbits 000FD0  
            _INTCON2bits 000FF1                 __Hrparam 0000                 __Lrparam 0000  
          __size_of_main 0012                 isa$xinst 000000     __size_of_Timer0_Init 001E  
               int$flags 0005    __end_of_INT_TMR0_BAJA 0026    __end_of_INT_TMR0_ALTA 005A  
             _INTCONbits 000FF2                 intlevel1 0000                 intlevel2 0000  
