

Microchip MPLAB XC8 Assembler V2.32 build 20210201212658 
                                                                                               Mon Apr 26 04:28:30 2021

Microchip MPLAB XC8 C Compiler v2.32 (Free license) build 20210201212658 Og1 
     1                           	processor	18F4550
     2                           	fnconf	rparam,??,?,0
     3                           	pagewidth 120
     4                           	opt	flic
     5                           	psect	cinit,global,reloc=2,class=CODE,delta=1
     6                           	psect	bssCOMRAM,global,class=COMRAM,space=1,delta=1,lowdata,noexec
     7                           	psect	cstackCOMRAM,global,class=COMRAM,space=1,delta=1,lowdata,noexec
     8                           	psect	text0,global,reloc=2,class=CODE,delta=1
     9                           	psect	text1,global,reloc=2,class=CODE,delta=1
    10                           	psect	text2,global,reloc=2,class=CODE,delta=1
    11                           	psect	intcodelo,global,reloc=2,class=CODE,delta=1
    12                           	psect	intcode,global,reloc=2,class=CODE,delta=1
    13                           	psect	intcode_body,global,reloc=2,class=CODE,delta=1
    14                           	psect	intsave_regs,global,class=BIGRAM,space=1,delta=1,noexec
    15                           	psect	rparam,global,class=COMRAM,space=1,delta=1,noexec
    16                           	psect	temp,global,ovrld,common,class=COMRAM,space=1,delta=1
    17                           	psect	idloc,global,abs,ovrld,class=IDLOC,space=5,delta=1,noexec
    18                           	psect	config,global,abs,ovrld,class=CONFIG,space=4,delta=1,noexec
    19  0000                     
    20                           ; Version 2.20
    21                           ; Generated 12/02/2020 GMT
    22                           ; 
    23                           ; Copyright © 2020, Microchip Technology Inc. and its subsidiaries ("Microchip")
    24                           ; All rights reserved.
    25                           ; 
    26                           ; This software is developed by Microchip Technology Inc. and its subsidiaries ("Microch
      +                          ip").
    27                           ; 
    28                           ; Redistribution and use in source and binary forms, with or without modification, are
    29                           ; permitted provided that the following conditions are met:
    30                           ; 
    31                           ;     1. Redistributions of source code must retain the above copyright notice, this lis
      +                          t of
    32                           ;        conditions and the following disclaimer.
    33                           ; 
    34                           ;     2. Redistributions in binary form must reproduce the above copyright notice, this 
      +                          list
    35                           ;        of conditions and the following disclaimer in the documentation and/or other
    36                           ;        materials provided with the distribution.
    37                           ; 
    38                           ;     3. Microchip's name may not be used to endorse or promote products derived from th
      +                          is
    39                           ;        software without specific prior written permission.
    40                           ; 
    41                           ; THIS SOFTWARE IS PROVIDED BY MICROCHIP "AS IS" AND ANY EXPRESS OR IMPLIED WARRANTIES,
    42                           ; INCLUDING, BUT NOT LIMITED TO, THE IMPLIED WARRANTIES OF MERCHANTABILITY AND FITNESS F
      +                          OR
    43                           ; PURPOSE ARE DISCLAIMED.  IN NO EVENT SHALL MICROCHIP BE LIABLE FOR ANY DIRECT, INDIREC
      +                          T,
    44                           ; INCIDENTAL, SPECIAL, EXEMPLARY, OR CONSEQUENTIAL DAMAGES (INCLUDING BUT NOT LIMITED TO
    45                           ; PROCUREMENT OF SUBSTITUTE GOODS OR SERVICES; LOSS OF USE, DATA OR PROFITS; OR BUSINESS
    46                           ; INTERRUPTION) HOWSOEVER CAUSED AND ON ANY THEORY OF LIABILITY, WHETHER IN CONTRACT, ST
      +                          RICT
    47                           ; LIABILITY, OR TORT (INCLUDING NEGLIGENCE OR OTHERWISE) ARISING IN ANY WAY OUT OF THE U
      +                          SE OF
    48                           ; THIS SOFTWARE, EVEN IF ADVISED OF THE POSSIBILITY OF SUCH DAMAGE.
    49                           ; 
    50                           ; 
    51                           ; Code-generator required, PIC18F4550 Definitions
    52                           ; 
    53                           ; SFR Addresses
    54  0000                     _INTCON2bits	set	4081
    55  0000                     _T0CONbits	set	4053
    56  0000                     _TRISDbits	set	3989
    57  0000                     _LATDbits	set	3980
    58  0000                     _TMR0L	set	4054
    59  0000                     _INTCONbits	set	4082
    60  0000                     _RCONbits	set	4048
    61                           
    62                           ; #config settings
    63                           
    64                           	psect	cinit
    65  000082                     __pcinit:
    66                           	callstack 0
    67  000082                     start_initialization:
    68                           	callstack 0
    69  000082                     __initialization:
    70                           	callstack 0
    71                           
    72                           ; Clear objects allocated to COMRAM (2 bytes)
    73  000082  6A02               	clrf	(__pbssCOMRAM+1)& (0+255),c
    74  000084  6A01               	clrf	__pbssCOMRAM& (0+255),c
    75  000086                     end_of_initialization:
    76                           	callstack 0
    77  000086                     __end_of__initialization:
    78                           	callstack 0
    79  000086  9005               	bcf	int$flags,0,c	;clear compiler interrupt flag (level 1)
    80  000088  9205               	bcf	int$flags,1,c	;clear compiler interrupt flag (level 2)
    81  00008A  0100               	movlb	0
    82  00008C  EF38  F000         	goto	_main	;jump to C main() function
    83                           
    84                           	psect	bssCOMRAM
    85  000001                     __pbssCOMRAM:
    86                           	callstack 0
    87  000001                     _x:
    88                           	callstack 0
    89  000001                     	ds	2
    90                           
    91                           	psect	cstackCOMRAM
    92  000003                     __pcstackCOMRAM:
    93                           	callstack 0
    94  000003                     ??_INT_TMR0_ALTA:
    95  000003                     
    96                           ; 1 bytes @ 0x0
    97  000003                     	ds	1
    98  000004                     ??_INT_TMR0_BAJA:
    99                           
   100                           ; 1 bytes @ 0x1
   101  000004                     	ds	1
   102  000005                     
   103                           ; 1 bytes @ 0x2
   104 ;;
   105 ;;Main: autosize = 0, tempsize = 0, incstack = 0, save=0
   106 ;;
   107 ;; *************** function _main *****************
   108 ;; Defined at:
   109 ;;		line 13 in file "main.c"
   110 ;; Parameters:    Size  Location     Type
   111 ;;		None
   112 ;; Auto vars:     Size  Location     Type
   113 ;;		None
   114 ;; Return value:  Size  Location     Type
   115 ;;                  1    wreg      void 
   116 ;; Registers used:
   117 ;;		wreg, status,2, cstack
   118 ;; Tracked objects:
   119 ;;		On entry : 0/0
   120 ;;		On exit  : 0/0
   121 ;;		Unchanged: 0/0
   122 ;; Data sizes:     COMRAM   BANK0   BANK1   BANK2   BANK3   BANK4   BANK5   BANK6   BANK7
   123 ;;      Params:         0       0       0       0       0       0       0       0       0
   124 ;;      Locals:         0       0       0       0       0       0       0       0       0
   125 ;;      Temps:          0       0       0       0       0       0       0       0       0
   126 ;;      Totals:         0       0       0       0       0       0       0       0       0
   127 ;;Total ram usage:        0 bytes
   128 ;; Hardware stack levels required when called: 3
   129 ;; This function calls:
   130 ;;		_INT_Init
   131 ;;		_Timer0_Init
   132 ;; This function is called by:
   133 ;;		Startup code after reset
   134 ;; This function uses a non-reentrant model
   135 ;;
   136                           
   137                           	psect	text0
   138  000070                     __ptext0:
   139                           	callstack 0
   140  000070                     _main:
   141                           	callstack 28
   142  000070                     
   143                           ;main.c: 14:     TRISDbits.RD0 = 0;
   144  000070  9095               	bcf	149,0,c	;volatile
   145  000072                     
   146                           ;main.c: 15:     Timer0_Init();
   147  000072  EC2B  F000         	call	_Timer0_Init	;wreg free
   148  000076                     
   149                           ;main.c: 16:     INT_Init();
   150  000076  EC48  F000         	call	_INT_Init	;wreg free
   151  00007A                     l34:
   152  00007A  EF3D  F000         	goto	l34
   153  00007E  EF13  F000         	goto	start
   154  000082                     __end_of_main:
   155                           	callstack 0
   156                           
   157 ;; *************** function _Timer0_Init *****************
   158 ;; Defined at:
   159 ;;		line 20 in file "timers_libreria.c"
   160 ;; Parameters:    Size  Location     Type
   161 ;;		None
   162 ;; Auto vars:     Size  Location     Type
   163 ;;		None
   164 ;; Return value:  Size  Location     Type
   165 ;;                  1    wreg      void 
   166 ;; Registers used:
   167 ;;		wreg, status,2
   168 ;; Tracked objects:
   169 ;;		On entry : 0/0
   170 ;;		On exit  : 0/0
   171 ;;		Unchanged: 0/0
   172 ;; Data sizes:     COMRAM   BANK0   BANK1   BANK2   BANK3   BANK4   BANK5   BANK6   BANK7
   173 ;;      Params:         0       0       0       0       0       0       0       0       0
   174 ;;      Locals:         0       0       0       0       0       0       0       0       0
   175 ;;      Temps:          0       0       0       0       0       0       0       0       0
   176 ;;      Totals:         0       0       0       0       0       0       0       0       0
   177 ;;Total ram usage:        0 bytes
   178 ;; Hardware stack levels used: 1
   179 ;; Hardware stack levels required when called: 2
   180 ;; This function calls:
   181 ;;		Nothing
   182 ;; This function is called by:
   183 ;;		_main
   184 ;; This function uses a non-reentrant model
   185 ;;
   186                           
   187                           	psect	text1
   188  000056                     __ptext1:
   189                           	callstack 0
   190  000056                     _Timer0_Init:
   191                           	callstack 28
   192  000056                     
   193                           ;timers_libreria.c: 22:     T0CONbits.TMR0ON = 1;
   194  000056  8ED5               	bsf	213,7,c	;volatile
   195                           
   196                           ;timers_libreria.c: 23:     T0CONbits.T0CS = 0;
   197  000058  9AD5               	bcf	213,5,c	;volatile
   198                           
   199                           ;timers_libreria.c: 24:     T0CONbits.T08BIT = 1;
   200  00005A  8CD5               	bsf	213,6,c	;volatile
   201                           
   202                           ;timers_libreria.c: 25:     T0CONbits.PSA = 0;
   203  00005C  96D5               	bcf	213,3,c	;volatile
   204                           
   205                           ;timers_libreria.c: 27:     T0CONbits.T0PS2 = 1;
   206  00005E  84D5               	bsf	213,2,c	;volatile
   207                           
   208                           ;timers_libreria.c: 28:     T0CONbits.T0PS1 = 1;
   209  000060  82D5               	bsf	213,1,c	;volatile
   210                           
   211                           ;timers_libreria.c: 29:     T0CONbits.T0PS0 = 1;
   212  000062  80D5               	bsf	213,0,c	;volatile
   213  000064                     
   214                           ;timers_libreria.c: 32:     TMR0L = 59;
   215  000064  0E3B               	movlw	59
   216  000066  6ED6               	movwf	214,c	;volatile
   217  000068                     
   218                           ;timers_libreria.c: 34:     INTCONbits.TMR0IE = 1;
   219  000068  8AF2               	bsf	242,5,c	;volatile
   220  00006A                     
   221                           ;timers_libreria.c: 35:     INTCONbits.TMR0IF = 0;
   222  00006A  94F2               	bcf	242,2,c	;volatile
   223  00006C                     
   224                           ;timers_libreria.c: 37:     INTCON2bits.TMR0IP = 1;
   225  00006C  84F1               	bsf	241,2,c	;volatile
   226  00006E  0012               	return		;funcret
   227  000070                     __end_of_Timer0_Init:
   228                           	callstack 0
   229                           
   230 ;; *************** function _INT_Init *****************
   231 ;; Defined at:
   232 ;;		line 12 in file "interrupcion_libreria.c"
   233 ;; Parameters:    Size  Location     Type
   234 ;;		None
   235 ;; Auto vars:     Size  Location     Type
   236 ;;		None
   237 ;; Return value:  Size  Location     Type
   238 ;;                  1    wreg      void 
   239 ;; Registers used:
   240 ;;		None
   241 ;; Tracked objects:
   242 ;;		On entry : 0/0
   243 ;;		On exit  : 0/0
   244 ;;		Unchanged: 0/0
   245 ;; Data sizes:     COMRAM   BANK0   BANK1   BANK2   BANK3   BANK4   BANK5   BANK6   BANK7
   246 ;;      Params:         0       0       0       0       0       0       0       0       0
   247 ;;      Locals:         0       0       0       0       0       0       0       0       0
   248 ;;      Temps:          0       0       0       0       0       0       0       0       0
   249 ;;      Totals:         0       0       0       0       0       0       0       0       0
   250 ;;Total ram usage:        0 bytes
   251 ;; Hardware stack levels used: 1
   252 ;; Hardware stack levels required when called: 2
   253 ;; This function calls:
   254 ;;		Nothing
   255 ;; This function is called by:
   256 ;;		_main
   257 ;; This function uses a non-reentrant model
   258 ;;
   259                           
   260                           	psect	text2
   261  000090                     __ptext2:
   262                           	callstack 0
   263  000090                     _INT_Init:
   264                           	callstack 28
   265  000090                     
   266                           ;interrupcion_libreria.c: 13:     RCONbits.IPEN = 1;
   267  000090  8ED0               	bsf	208,7,c	;volatile
   268                           
   269                           ;interrupcion_libreria.c: 14:     INTCONbits.GIEH = 1;
   270  000092  8EF2               	bsf	242,7,c	;volatile
   271                           
   272                           ;interrupcion_libreria.c: 15:     INTCONbits.GIEL = 1;
   273  000094  8CF2               	bsf	242,6,c	;volatile
   274  000096  0012               	return		;funcret
   275  000098                     __end_of_INT_Init:
   276                           	callstack 0
   277                           
   278 ;; *************** function _INT_TMR0_BAJA *****************
   279 ;; Defined at:
   280 ;;		line 24 in file "interrupcion_libreria.c"
   281 ;; Parameters:    Size  Location     Type
   282 ;;		None
   283 ;; Auto vars:     Size  Location     Type
   284 ;;		None
   285 ;; Return value:  Size  Location     Type
   286 ;;                  1    wreg      void 
   287 ;; Registers used:
   288 ;;		None
   289 ;; Tracked objects:
   290 ;;		On entry : 0/0
   291 ;;		On exit  : 0/0
   292 ;;		Unchanged: 0/0
   293 ;; Data sizes:     COMRAM   BANK0   BANK1   BANK2   BANK3   BANK4   BANK5   BANK6   BANK7
   294 ;;      Params:         0       0       0       0       0       0       0       0       0
   295 ;;      Locals:         0       0       0       0       0       0       0       0       0
   296 ;;      Temps:          1       0       0       0       0       0       0       0       0
   297 ;;      Totals:         1       0       0       0       0       0       0       0       0
   298 ;;Total ram usage:        1 bytes
   299 ;; Hardware stack levels used: 1
   300 ;; Hardware stack levels required when called: 1
   301 ;; This function calls:
   302 ;;		Nothing
   303 ;; This function is called by:
   304 ;;		Interrupt level 1
   305 ;; This function uses a non-reentrant model
   306 ;;
   307                           
   308                           	psect	intcodelo
   309  000018                     __pintcodelo:
   310                           	callstack 0
   311  000018                     _INT_TMR0_BAJA:
   312                           	callstack 28
   313                           
   314                           ;incstack = 0
   315  000018  8005               	bsf	int$flags,0,c	;set compiler interrupt flag (level 1)
   316  00001A  CFE0 F004          	movff	bsr,??_INT_TMR0_BAJA
   317  00001E  C004  FFE0         	movff	??_INT_TMR0_BAJA,bsr
   318  000022  9005               	bcf	int$flags,0,c	;clear compiler interrupt flag (level 1)
   319  000024  0010               	retfie	
   320  000026                     __end_of_INT_TMR0_BAJA:
   321                           	callstack 0
   322                           
   323 ;; *************** function _INT_TMR0_ALTA *****************
   324 ;; Defined at:
   325 ;;		line 18 in file "interrupcion_libreria.c"
   326 ;; Parameters:    Size  Location     Type
   327 ;;		None
   328 ;; Auto vars:     Size  Location     Type
   329 ;;		None
   330 ;; Return value:  Size  Location     Type
   331 ;;                  1    wreg      void 
   332 ;; Registers used:
   333 ;;		wreg, status,2, status,0
   334 ;; Tracked objects:
   335 ;;		On entry : 0/0
   336 ;;		On exit  : 0/0
   337 ;;		Unchanged: 0/0
   338 ;; Data sizes:     COMRAM   BANK0   BANK1   BANK2   BANK3   BANK4   BANK5   BANK6   BANK7
   339 ;;      Params:         0       0       0       0       0       0       0       0       0
   340 ;;      Locals:         0       0       0       0       0       0       0       0       0
   341 ;;      Temps:          1       0       0       0       0       0       0       0       0
   342 ;;      Totals:         1       0       0       0       0       0       0       0       0
   343 ;;Total ram usage:        1 bytes
   344 ;; Hardware stack levels used: 1
   345 ;; This function calls:
   346 ;;		Nothing
   347 ;; This function is called by:
   348 ;;		Interrupt level 2
   349 ;; This function uses a non-reentrant model
   350 ;;
   351                           
   352                           	psect	intcode
   353  000008                     __pintcode:
   354                           	callstack 0
   355  000008                     _INT_TMR0_ALTA:
   356                           	callstack 28
   357                           
   358                           ;incstack = 0
   359  000008  8205               	bsf	int$flags,1,c	;set compiler interrupt flag (level 2)
   360  00000A  ED15  F000         	call	int_func,f	;refresh shadow registers
   361                           
   362                           	psect	intcode_body
   363  00002A                     __pintcode_body:
   364                           	callstack 28
   365  00002A                     int_func:
   366                           	callstack 28
   367  00002A  0006               	pop		; remove dummy address from shadow register refresh
   368  00002C                     
   369                           ;interrupcion_libreria.c: 20:     TMR0L = 59;
   370  00002C  0E3B               	movlw	59
   371  00002E  6ED6               	movwf	214,c	;volatile
   372  000030                     
   373                           ;interrupcion_libreria.c: 21:     LATDbits.LATD0 = ~LATDbits.LATD0;
   374  000030  B08C               	btfsc	140,0,c	;volatile
   375  000032  EF1D  F000         	goto	i2u1_41
   376  000036  EF20  F000         	goto	i2u1_40
   377  00003A                     i2u1_41:
   378  00003A  0E01               	movlw	1
   379  00003C  EF21  F000         	goto	i2u1_46
   380  000040                     i2u1_40:
   381  000040  0E00               	movlw	0
   382  000042                     i2u1_46:
   383  000042  0AFF               	xorlw	255
   384  000044  6E03               	movwf	??_INT_TMR0_ALTA^0,c
   385  000046  508C               	movf	140,w,c	;volatile
   386  000048  1803               	xorwf	??_INT_TMR0_ALTA^0,w,c
   387  00004A  0BFE               	andlw	-2
   388  00004C  1803               	xorwf	??_INT_TMR0_ALTA^0,w,c
   389  00004E  6E8C               	movwf	140,c	;volatile
   390  000050                     
   391                           ;interrupcion_libreria.c: 22:     INTCONbits.TMR0IF = 0;
   392  000050  94F2               	bcf	242,2,c	;volatile
   393  000052  9205               	bcf	int$flags,1,c	;clear compiler interrupt flag (level 2)
   394  000054  0011               	retfie		f
   395  000056                     __end_of_INT_TMR0_ALTA:
   396                           	callstack 0
   397  0000                     
   398                           	psect	rparam
   399  0000                     
   400                           	psect	temp
   401  000005                     btemp:
   402                           	callstack 0
   403  000005                     	ds	1
   404  0000                     int$flags	set	btemp
   405  0000                     wtemp8	set	btemp+1
   406  0000                     ttemp5	set	btemp+1
   407  0000                     ttemp6	set	btemp+4
   408  0000                     ttemp7	set	btemp+8
   409                           
   410                           	psect	idloc
   411                           
   412                           ;Config register IDLOC0 @ 0x200000
   413                           ;	unspecified, using default values
   414  200000                     	org	2097152
   415  200000  FF                 	db	255
   416                           
   417                           ;Config register IDLOC1 @ 0x200001
   418                           ;	unspecified, using default values
   419  200001                     	org	2097153
   420  200001  FF                 	db	255
   421                           
   422                           ;Config register IDLOC2 @ 0x200002
   423                           ;	unspecified, using default values
   424  200002                     	org	2097154
   425  200002  FF                 	db	255
   426                           
   427                           ;Config register IDLOC3 @ 0x200003
   428                           ;	unspecified, using default values
   429  200003                     	org	2097155
   430  200003  FF                 	db	255
   431                           
   432                           ;Config register IDLOC4 @ 0x200004
   433                           ;	unspecified, using default values
   434  200004                     	org	2097156
   435  200004  FF                 	db	255
   436                           
   437                           ;Config register IDLOC5 @ 0x200005
   438                           ;	unspecified, using default values
   439  200005                     	org	2097157
   440  200005  FF                 	db	255
   441                           
   442                           ;Config register IDLOC6 @ 0x200006
   443                           ;	unspecified, using default values
   444  200006                     	org	2097158
   445  200006  FF                 	db	255
   446                           
   447                           ;Config register IDLOC7 @ 0x200007
   448                           ;	unspecified, using default values
   449  200007                     	org	2097159
   450  200007  FF                 	db	255
   451                           
   452                           	psect	config
   453                           
   454                           ;Config register CONFIG1L @ 0x300000
   455                           ;	PLL Prescaler Selection bits
   456                           ;	PLLDIV = 1, No prescale (4 MHz oscillator input drives PLL directly)
   457                           ;	System Clock Postscaler Selection bits
   458                           ;	CPUDIV = OSC1_PLL2, [Primary Oscillator Src: /1][96 MHz PLL Src: /2]
   459                           ;	USB Clock Selection bit (used in Full-Speed USB mode only; UCFG:FSEN = 1)
   460                           ;	USBDIV = 1, USB clock source comes directly from the primary oscillator block with no 
      +                          postscale
   461  300000                     	org	3145728
   462  300000  00                 	db	0
   463                           
   464                           ;Config register CONFIG1H @ 0x300001
   465                           ;	Oscillator Selection bits
   466                           ;	FOSC = HS, HS oscillator (HS)
   467                           ;	Fail-Safe Clock Monitor Enable bit
   468                           ;	FCMEN = OFF, Fail-Safe Clock Monitor disabled
   469                           ;	Internal/External Oscillator Switchover bit
   470                           ;	IESO = ON, Oscillator Switchover mode enabled
   471  300001                     	org	3145729
   472  300001  8C                 	db	140
   473                           
   474                           ;Config register CONFIG2L @ 0x300002
   475                           ;	Power-up Timer Enable bit
   476                           ;	PWRT = ON, PWRT enabled
   477                           ;	Brown-out Reset Enable bits
   478                           ;	BOR = OFF, Brown-out Reset disabled in hardware and software
   479                           ;	Brown-out Reset Voltage bits
   480                           ;	BORV = 3, Minimum setting 2.05V
   481                           ;	USB Voltage Regulator Enable bit
   482                           ;	VREGEN = OFF, USB voltage regulator disabled
   483  300002                     	org	3145730
   484  300002  18                 	db	24
   485                           
   486                           ;Config register CONFIG2H @ 0x300003
   487                           ;	Watchdog Timer Enable bit
   488                           ;	WDT = OFF, WDT disabled (control is placed on the SWDTEN bit)
   489                           ;	Watchdog Timer Postscale Select bits
   490                           ;	WDTPS = 32768, 1:32768
   491  300003                     	org	3145731
   492  300003  1E                 	db	30
   493                           
   494                           ; Padding undefined space
   495  300004                     	org	3145732
   496  300004  FF                 	db	255
   497                           
   498                           ;Config register CONFIG3H @ 0x300005
   499                           ;	CCP2 MUX bit
   500                           ;	CCP2MX = ON, CCP2 input/output is multiplexed with RC1
   501                           ;	PORTB A/D Enable bit
   502                           ;	PBADEN = OFF, PORTB<4:0> pins are configured as digital I/O on Reset
   503                           ;	Low-Power Timer 1 Oscillator Enable bit
   504                           ;	LPT1OSC = OFF, Timer1 configured for higher power operation
   505                           ;	MCLR Pin Enable bit
   506                           ;	MCLRE = ON, MCLR pin enabled; RE3 input pin disabled
   507  300005                     	org	3145733
   508  300005  81                 	db	129
   509                           
   510                           ;Config register CONFIG4L @ 0x300006
   511                           ;	Stack Full/Underflow Reset Enable bit
   512                           ;	STVREN = OFF, Stack full/underflow will not cause Reset
   513                           ;	Single-Supply ICSP Enable bit
   514                           ;	LVP = OFF, Single-Supply ICSP disabled
   515                           ;	Dedicated In-Circuit Debug/Programming Port (ICPORT) Enable bit
   516                           ;	ICPRT = OFF, ICPORT disabled
   517                           ;	Extended Instruction Set Enable bit
   518                           ;	XINST = OFF, Instruction set extension and Indexed Addressing mode disabled (Legacy mo
      +                          de)
   519                           ;	Background Debugger Enable bit
   520                           ;	DEBUG = 0x1, unprogrammed default
   521  300006                     	org	3145734
   522  300006  80                 	db	128
   523                           
   524                           ; Padding undefined space
   525  300007                     	org	3145735
   526  300007  FF                 	db	255
   527                           
   528                           ;Config register CONFIG5L @ 0x300008
   529                           ;	Code Protection bit
   530                           ;	CP0 = OFF, Block 0 (000800-001FFFh) is not code-protected
   531                           ;	Code Protection bit
   532                           ;	CP1 = OFF, Block 1 (002000-003FFFh) is not code-protected
   533                           ;	Code Protection bit
   534                           ;	CP2 = OFF, Block 2 (004000-005FFFh) is not code-protected
   535                           ;	Code Protection bit
   536                           ;	CP3 = OFF, Block 3 (006000-007FFFh) is not code-protected
   537  300008                     	org	3145736
   538  300008  0F                 	db	15
   539                           
   540                           ;Config register CONFIG5H @ 0x300009
   541                           ;	Boot Block Code Protection bit
   542                           ;	CPB = OFF, Boot block (000000-0007FFh) is not code-protected
   543                           ;	Data EEPROM Code Protection bit
   544                           ;	CPD = OFF, Data EEPROM is not code-protected
   545  300009                     	org	3145737
   546  300009  C0                 	db	192
   547                           
   548                           ;Config register CONFIG6L @ 0x30000A
   549                           ;	Write Protection bit
   550                           ;	WRT0 = OFF, Block 0 (000800-001FFFh) is not write-protected
   551                           ;	Write Protection bit
   552                           ;	WRT1 = OFF, Block 1 (002000-003FFFh) is not write-protected
   553                           ;	Write Protection bit
   554                           ;	WRT2 = OFF, Block 2 (004000-005FFFh) is not write-protected
   555                           ;	Write Protection bit
   556                           ;	WRT3 = OFF, Block 3 (006000-007FFFh) is not write-protected
   557  30000A                     	org	3145738
   558  30000A  0F                 	db	15
   559                           
   560                           ;Config register CONFIG6H @ 0x30000B
   561                           ;	Configuration Register Write Protection bit
   562                           ;	WRTC = OFF, Configuration registers (300000-3000FFh) are not write-protected
   563                           ;	Boot Block Write Protection bit
   564                           ;	WRTB = OFF, Boot block (000000-0007FFh) is not write-protected
   565                           ;	Data EEPROM Write Protection bit
   566                           ;	WRTD = OFF, Data EEPROM is not write-protected
   567  30000B                     	org	3145739
   568  30000B  E0                 	db	224
   569                           
   570                           ;Config register CONFIG7L @ 0x30000C
   571                           ;	Table Read Protection bit
   572                           ;	EBTR0 = OFF, Block 0 (000800-001FFFh) is not protected from table reads executed in ot
      +                          her blocks
   573                           ;	Table Read Protection bit
   574                           ;	EBTR1 = OFF, Block 1 (002000-003FFFh) is not protected from table reads executed in ot
      +                          her blocks
   575                           ;	Table Read Protection bit
   576                           ;	EBTR2 = OFF, Block 2 (004000-005FFFh) is not protected from table reads executed in ot
      +                          her blocks
   577                           ;	Table Read Protection bit
   578                           ;	EBTR3 = OFF, Block 3 (006000-007FFFh) is not protected from table reads executed in ot
      +                          her blocks
   579  30000C                     	org	3145740
   580  30000C  0F                 	db	15
   581                           
   582                           ;Config register CONFIG7H @ 0x30000D
   583                           ;	Boot Block Table Read Protection bit
   584                           ;	EBTRB = OFF, Boot block (000000-0007FFh) is not protected from table reads executed in
      +                           other blocks
   585  30000D                     	org	3145741
   586  30000D  40                 	db	64
   587                           tosu	equ	0xFFF
   588                           tosh	equ	0xFFE
   589                           tosl	equ	0xFFD
   590                           stkptr	equ	0xFFC
   591                           pclatu	equ	0xFFB
   592                           pclath	equ	0xFFA
   593                           pcl	equ	0xFF9
   594                           tblptru	equ	0xFF8
   595                           tblptrh	equ	0xFF7
   596                           tblptrl	equ	0xFF6
   597                           tablat	equ	0xFF5
   598                           prodh	equ	0xFF4
   599                           prodl	equ	0xFF3
   600                           indf0	equ	0xFEF
   601                           postinc0	equ	0xFEE
   602                           postdec0	equ	0xFED
   603                           preinc0	equ	0xFEC
   604                           plusw0	equ	0xFEB
   605                           fsr0h	equ	0xFEA
   606                           fsr0l	equ	0xFE9
   607                           wreg	equ	0xFE8
   608                           indf1	equ	0xFE7
   609                           postinc1	equ	0xFE6
   610                           postdec1	equ	0xFE5
   611                           preinc1	equ	0xFE4
   612                           plusw1	equ	0xFE3
   613                           fsr1h	equ	0xFE2
   614                           fsr1l	equ	0xFE1
   615                           bsr	equ	0xFE0
   616                           indf2	equ	0xFDF
   617                           postinc2	equ	0xFDE
   618                           postdec2	equ	0xFDD
   619                           preinc2	equ	0xFDC
   620                           plusw2	equ	0xFDB
   621                           fsr2h	equ	0xFDA
   622                           fsr2l	equ	0xFD9
   623                           status	equ	0xFD8

Data Sizes:
    Strings     0
    Constant    0
    Data        0
    BSS         2
    Persistent  0
    Stack       0

Auto Spaces:
    Space          Size  Autos    Used
    COMRAM           94      2       4
    BANK0           160      0       0
    BANK1           256      0       0
    BANK2           256      0       0
    BANK3           256      0       0
    BANK4           256      0       0
    BANK5           256      0       0
    BANK6           256      0       0
    BANK7           256      0       0

Pointer List with Targets:

    None.

Critical Paths under _main in COMRAM

    None.

Critical Paths under _INT_TMR0_BAJA in COMRAM

    None.

Critical Paths under _INT_TMR0_ALTA in COMRAM

    None.

Critical Paths under _main in BANK0

    None.

Critical Paths under _INT_TMR0_BAJA in BANK0

    None.

Critical Paths under _INT_TMR0_ALTA in BANK0

    None.

Critical Paths under _main in BANK1

    None.

Critical Paths under _INT_TMR0_BAJA in BANK1

    None.

Critical Paths under _INT_TMR0_ALTA in BANK1

    None.

Critical Paths under _main in BANK2

    None.

Critical Paths under _INT_TMR0_BAJA in BANK2

    None.

Critical Paths under _INT_TMR0_ALTA in BANK2

    None.

Critical Paths under _main in BANK3

    None.

Critical Paths under _INT_TMR0_BAJA in BANK3

    None.

Critical Paths under _INT_TMR0_ALTA in BANK3

    None.

Critical Paths under _main in BANK4

    None.

Critical Paths under _INT_TMR0_BAJA in BANK4

    None.

Critical Paths under _INT_TMR0_ALTA in BANK4

    None.

Critical Paths under _main in BANK5

    None.

Critical Paths under _INT_TMR0_BAJA in BANK5

    None.

Critical Paths under _INT_TMR0_ALTA in BANK5

    None.

Critical Paths under _main in BANK6

    None.

Critical Paths under _INT_TMR0_BAJA in BANK6

    None.

Critical Paths under _INT_TMR0_ALTA in BANK6

    None.

Critical Paths under _main in BANK7

    None.

Critical Paths under _INT_TMR0_BAJA in BANK7

    None.

Critical Paths under _INT_TMR0_ALTA in BANK7

    None.

Call Graph Tables:

 ---------------------------------------------------------------------------------
 (Depth) Function   	        Calls       Base Space   Used Autos Params    Refs
 ---------------------------------------------------------------------------------
 (0) _main                                                 0     0      0       0
                           _INT_Init
                        _Timer0_Init
 ---------------------------------------------------------------------------------
 (1) _Timer0_Init                                          0     0      0       0
 ---------------------------------------------------------------------------------
 (1) _INT_Init                                             0     0      0       0
 ---------------------------------------------------------------------------------
 Estimated maximum stack depth 1
 ---------------------------------------------------------------------------------
 (Depth) Function   	        Calls       Base Space   Used Autos Params    Refs
 ---------------------------------------------------------------------------------
 (2) _INT_TMR0_BAJA                                        1     1      0       0
                                              1 COMRAM     1     1      0
 ---------------------------------------------------------------------------------
 Estimated maximum stack depth 2
 ---------------------------------------------------------------------------------
 (Depth) Function   	        Calls       Base Space   Used Autos Params    Refs
 ---------------------------------------------------------------------------------
 (3) _INT_TMR0_ALTA                                        1     1      0       0
                                              0 COMRAM     1     1      0
 ---------------------------------------------------------------------------------
 Estimated maximum stack depth 3
 ---------------------------------------------------------------------------------

 Call Graph Graphs:

 _main (ROOT)
   _INT_Init
   _Timer0_Init

 _INT_TMR0_BAJA (ROOT)

 _INT_TMR0_ALTA (ROOT)

 Address spaces:
Name               Size   Autos  Total    Cost      Usage
BIGRAM             7FF      0       0      21        0.0%
EEDATA             100      0       0       0        0.0%
BITBANK7           100      0       0      18        0.0%
BANK7              100      0       0      19        0.0%
BITBANK6           100      0       0      16        0.0%
BANK6              100      0       0      17        0.0%
BITBANK5           100      0       0      14        0.0%
BANK5              100      0       0      15        0.0%
BITBANK4           100      0       0      12        0.0%
BANK4              100      0       0      13        0.0%
BITBANK3           100      0       0      10        0.0%
BANK3              100      0       0      11        0.0%
BITBANK2           100      0       0       8        0.0%
BANK2              100      0       0       9        0.0%
BITBANK1           100      0       0       6        0.0%
BANK1              100      0       0       7        0.0%
BITBANK0            A0      0       0       4        0.0%
BANK0               A0      0       0       5        0.0%
BITCOMRAM           5E      0       0       0        0.0%
COMRAM              5E      2       4       1        4.3%
BITSFR               0      0       0     200        0.0%
SFR                  0      0       0     200        0.0%
STACK                0      0       0       2        0.0%
NULL                 0      0       0       0        0.0%
ABS                  0      0       4      20        0.0%
DATA                 0      0       4       3        0.0%
CODE                 0      0       0       0        0.0%


Microchip Technology PIC18 Macro Assembler V2.32 build 20210201212658 
Symbol Table                                                                                   Mon Apr 26 04:28:30 2021

                      _x 0001                       l13 0096                       l34 007A  
                     l35 007A                       l48 006E                       bsr 000FE0  
                    l730 0068                      l724 0090                      l732 006A  
                    l734 006C                      l726 0056                      l742 0070  
                    l728 0064                      l744 0072                      l746 0076  
                   i1l23 001E                     i2l18 0052                     _main 0070  
                   btemp 0005                     start 0026             ___param_bank 000000  
                  ?_main 0003                    i2l740 0050                    i2l736 002C  
                  i2l738 0030                    _TMR0L 000FD6         __end_of_INT_Init 0098  
                  ttemp5 0006                    ttemp6 0009                    ttemp7 000D  
                  wtemp8 0006          __initialization 0082             __end_of_main 0082  
                 ??_main 0005            __activetblptr 000000                   i2u1_40 0040  
                 i2u1_41 003A                   i2u1_46 0042            ??_Timer0_Init 0005  
                 isa$std 000001   __size_of_INT_TMR0_BAJA 000E   __size_of_INT_TMR0_ALTA 004E  
             __accesstop 0060  __end_of__initialization 0086            ___rparam_used 000001  
              ?_INT_Init 0003           __pcstackCOMRAM 0003      __end_of_Timer0_Init 0070  
             ??_INT_Init 0005            _INT_TMR0_BAJA 0018            _INT_TMR0_ALTA 0008  
                __Hparam 0000              _Timer0_Init 0056                  __Lparam 0000  
         ?_INT_TMR0_BAJA 0003           ?_INT_TMR0_ALTA 0003                  __pcinit 0082  
                __ramtop 0800                  __ptext0 0070                  __ptext1 0056  
                __ptext2 0090                _T0CONbits 000FD5           __pintcode_body 002A  
   end_of_initialization 0086                  int_func 002A                _TRISDbits 000F95  
        ??_INT_TMR0_BAJA 0004          ??_INT_TMR0_ALTA 0003        __size_of_INT_Init 0008  
    start_initialization 0082              __pbssCOMRAM 0001             ?_Timer0_Init 0003  
              __pintcode 0008              __pintcodelo 0018                 _LATDbits 000F8C  
               _INT_Init 0090                 _RCONbits 000FD0              _INTCON2bits 000FF1  
               __Hrparam 0000                 __Lrparam 0000            __size_of_main 0012  
               isa$xinst 000000     __size_of_Timer0_Init 001A                 int$flags 0005  
  __end_of_INT_TMR0_BAJA 0026    __end_of_INT_TMR0_ALTA 0056               _INTCONbits 000FF2  
               intlevel1 0000                 intlevel2 0000  
