

Microchip MPLAB XC8 Assembler V2.32 build 20210201212658 
                                                                                               Fri Apr 30 01:16:15 2021

Microchip MPLAB XC8 C Compiler v2.32 (Free license) build 20210201212658 Og1 
     1                           	processor	18F4550
     2                           	fnconf	rparam,??,?,0
     3                           	pagewidth 120
     4                           	opt	flic
     5                           	psect	idataCOMRAM,global,class=CODE,delta=1,noexec
     6                           	psect	cinit,global,reloc=2,class=CODE,delta=1
     7                           	psect	dataCOMRAM,global,class=COMRAM,space=1,delta=1,lowdata,noexec
     8                           	psect	cstackCOMRAM,global,class=COMRAM,space=1,delta=1,lowdata,noexec
     9                           	psect	text0,global,reloc=2,class=CODE,delta=1
    10                           	psect	text1,global,reloc=2,class=CODE,delta=1
    11                           	psect	intsave_regs,global,class=BIGRAM,space=1,delta=1,noexec
    12                           	psect	rparam,global,class=COMRAM,space=1,delta=1,noexec
    13                           	psect	idloc,global,abs,ovrld,class=IDLOC,space=5,delta=1,noexec
    14                           	psect	config,global,abs,ovrld,class=CONFIG,space=4,delta=1,noexec
    15  0000                     
    16                           ; Version 2.20
    17                           ; Generated 12/02/2020 GMT
    18                           ; 
    19                           ; Copyright © 2020, Microchip Technology Inc. and its subsidiaries ("Microchip")
    20                           ; All rights reserved.
    21                           ; 
    22                           ; This software is developed by Microchip Technology Inc. and its subsidiaries ("Microch
      +                          ip").
    23                           ; 
    24                           ; Redistribution and use in source and binary forms, with or without modification, are
    25                           ; permitted provided that the following conditions are met:
    26                           ; 
    27                           ;     1. Redistributions of source code must retain the above copyright notice, this lis
      +                          t of
    28                           ;        conditions and the following disclaimer.
    29                           ; 
    30                           ;     2. Redistributions in binary form must reproduce the above copyright notice, this 
      +                          list
    31                           ;        of conditions and the following disclaimer in the documentation and/or other
    32                           ;        materials provided with the distribution.
    33                           ; 
    34                           ;     3. Microchip's name may not be used to endorse or promote products derived from th
      +                          is
    35                           ;        software without specific prior written permission.
    36                           ; 
    37                           ; THIS SOFTWARE IS PROVIDED BY MICROCHIP "AS IS" AND ANY EXPRESS OR IMPLIED WARRANTIES,
    38                           ; INCLUDING, BUT NOT LIMITED TO, THE IMPLIED WARRANTIES OF MERCHANTABILITY AND FITNESS F
      +                          OR
    39                           ; PURPOSE ARE DISCLAIMED.  IN NO EVENT SHALL MICROCHIP BE LIABLE FOR ANY DIRECT, INDIREC
      +                          T,
    40                           ; INCIDENTAL, SPECIAL, EXEMPLARY, OR CONSEQUENTIAL DAMAGES (INCLUDING BUT NOT LIMITED TO
    41                           ; PROCUREMENT OF SUBSTITUTE GOODS OR SERVICES; LOSS OF USE, DATA OR PROFITS; OR BUSINESS
    42                           ; INTERRUPTION) HOWSOEVER CAUSED AND ON ANY THEORY OF LIABILITY, WHETHER IN CONTRACT, ST
      +                          RICT
    43                           ; LIABILITY, OR TORT (INCLUDING NEGLIGENCE OR OTHERWISE) ARISING IN ANY WAY OUT OF THE U
      +                          SE OF
    44                           ; THIS SOFTWARE, EVEN IF ADVISED OF THE POSSIBILITY OF SUCH DAMAGE.
    45                           ; 
    46                           ; 
    47                           ; Code-generator required, PIC18F4550 Definitions
    48                           ; 
    49                           ; SFR Addresses
    50  0000                     
    51                           	psect	idataCOMRAM
    52  007EF2                     __pidataCOMRAM:
    53                           	callstack 0
    54                           
    55                           ;initializer for _duty
    56  007EF2  0001               	dw	1
    57  0000                     _T2CONbits	set	4042
    58  0000                     _TRISCbits	set	3988
    59  0000                     _PR2	set	4043
    60  0000                     _CCP1CONbits	set	4029
    61  0000                     _CCPR1L	set	4030
    62  0000                     _PORTBbits	set	3969
    63  0000                     _TRISBbits	set	3987
    64                           
    65                           ; #config settings
    66                           
    67                           	psect	cinit
    68  007EF4                     __pcinit:
    69                           	callstack 0
    70  007EF4                     start_initialization:
    71                           	callstack 0
    72  007EF4                     __initialization:
    73                           	callstack 0
    74                           
    75                           ; Initialize objects allocated to COMRAM (2 bytes)
    76                           ; load TBLPTR registers with __pidataCOMRAM
    77  007EF4  0EF2               	movlw	low __pidataCOMRAM
    78  007EF6  6EF6               	movwf	tblptrl,c
    79  007EF8  0E7E               	movlw	high __pidataCOMRAM
    80  007EFA  6EF7               	movwf	tblptrh,c
    81  007EFC  0E00               	movlw	low (__pidataCOMRAM shr (0+16))
    82  007EFE  6EF8               	movwf	tblptru,c
    83  007F00  0009               	tblrd		*+	;fetch initializer
    84  007F02  CFF5 F005          	movff	tablat,__pdataCOMRAM
    85  007F06  0009               	tblrd		*+	;fetch initializer
    86  007F08  CFF5 F006          	movff	tablat,__pdataCOMRAM+1
    87  007F0C                     end_of_initialization:
    88                           	callstack 0
    89  007F0C                     __end_of__initialization:
    90                           	callstack 0
    91  007F0C  0100               	movlb	0
    92  007F0E  EFAC  F03F         	goto	_main	;jump to C main() function
    93                           
    94                           	psect	dataCOMRAM
    95  000005                     __pdataCOMRAM:
    96                           	callstack 0
    97  000005                     _duty:
    98                           	callstack 0
    99  000005                     	ds	2
   100                           
   101                           	psect	cstackCOMRAM
   102  000001                     __pcstackCOMRAM:
   103                           	callstack 0
   104  000001                     ??_pwm_Init:
   105  000001                     
   106                           ; 1 bytes @ 0x0
   107  000001                     	ds	2
   108  000003                     ??_main:
   109                           
   110                           ; 1 bytes @ 0x2
   111  000003                     	ds	2
   112                           
   113 ;;
   114 ;;Main: autosize = 0, tempsize = 2, incstack = 0, save=0
   115 ;;
   116 ;; *************** function _main *****************
   117 ;; Defined at:
   118 ;;		line 14 in file "main.c"
   119 ;; Parameters:    Size  Location     Type
   120 ;;		None
   121 ;; Auto vars:     Size  Location     Type
   122 ;;		None
   123 ;; Return value:  Size  Location     Type
   124 ;;                  1    wreg      void 
   125 ;; Registers used:
   126 ;;		wreg, status,2, status,0, cstack
   127 ;; Tracked objects:
   128 ;;		On entry : 0/0
   129 ;;		On exit  : 0/0
   130 ;;		Unchanged: 0/0
   131 ;; Data sizes:     COMRAM   BANK0   BANK1   BANK2   BANK3   BANK4   BANK5   BANK6   BANK7
   132 ;;      Params:         0       0       0       0       0       0       0       0       0
   133 ;;      Locals:         0       0       0       0       0       0       0       0       0
   134 ;;      Temps:          2       0       0       0       0       0       0       0       0
   135 ;;      Totals:         2       0       0       0       0       0       0       0       0
   136 ;;Total ram usage:        2 bytes
   137 ;; Hardware stack levels required when called: 1
   138 ;; This function calls:
   139 ;;		_pwm_Init
   140 ;; This function is called by:
   141 ;;		Startup code after reset
   142 ;; This function uses a non-reentrant model
   143 ;;
   144                           
   145                           	psect	text0
   146  007F58                     __ptext0:
   147                           	callstack 0
   148  007F58                     _main:
   149                           	callstack 30
   150  007F58                     
   151                           ;main.c: 15:     TRISBbits.RB0 = 1;
   152  007F58  8093               	bsf	147,0,c	;volatile
   153                           
   154                           ;main.c: 16:     TRISBbits.RB1 = 1;
   155  007F5A  8293               	bsf	147,1,c	;volatile
   156  007F5C                     
   157                           ;main.c: 17:     pwm_Init();
   158  007F5C  EC89  F03F         	call	_pwm_Init	;wreg free
   159  007F60                     l769:
   160                           
   161                           ;main.c: 19:         if(PORTBbits.RB0 == 0){
   162  007F60  B081               	btfsc	129,0,c	;volatile
   163  007F62  EFB5  F03F         	goto	u51
   164  007F66  EFB7  F03F         	goto	u50
   165  007F6A                     u51:
   166  007F6A  EFB9  F03F         	goto	l773
   167  007F6E                     u50:
   168  007F6E                     
   169                           ;main.c: 20:             duty++;
   170  007F6E  4A05               	infsnz	_duty^0,f,c
   171  007F70  2A06               	incf	(_duty+1)^0,f,c
   172  007F72                     l773:
   173                           
   174                           ;main.c: 22:         if(PORTBbits.RB1 == 0){
   175  007F72  B281               	btfsc	129,1,c	;volatile
   176  007F74  EFBE  F03F         	goto	u61
   177  007F78  EFC0  F03F         	goto	u60
   178  007F7C                     u61:
   179  007F7C  EFC3  F03F         	goto	l777
   180  007F80                     u60:
   181  007F80                     
   182                           ;main.c: 23:             duty--;
   183  007F80  0605               	decf	_duty^0,f,c
   184  007F82  A0D8               	btfss	status,0,c
   185  007F84  0606               	decf	(_duty+1)^0,f,c
   186  007F86                     l777:
   187                           
   188                           ;main.c: 25:         if(duty > 50){
   189  007F86  5006               	movf	(_duty+1)^0,w,c
   190  007F88  E109               	bnz	u70
   191  007F8A  0E33               	movlw	51
   192  007F8C  5C05               	subwf	_duty^0,w,c
   193  007F8E  A0D8               	btfss	status,0,c
   194  007F90  EFCC  F03F         	goto	u71
   195  007F94  EFCE  F03F         	goto	u70
   196  007F98                     u71:
   197  007F98  EFD2  F03F         	goto	l781
   198  007F9C                     u70:
   199  007F9C                     
   200                           ;main.c: 26:             duty = 49;
   201  007F9C  0E00               	movlw	0
   202  007F9E  6E06               	movwf	(_duty+1)^0,c
   203  007FA0  0E31               	movlw	49
   204  007FA2  6E05               	movwf	_duty^0,c
   205  007FA4                     l781:
   206                           
   207                           ;main.c: 28:         if(duty <= 0){
   208  007FA4  5005               	movf	_duty^0,w,c
   209  007FA6  1006               	iorwf	(_duty+1)^0,w,c
   210  007FA8  A4D8               	btfss	status,2,c
   211  007FAA  EFD9  F03F         	goto	u81
   212  007FAE  EFDB  F03F         	goto	u80
   213  007FB2                     u81:
   214  007FB2  EFDF  F03F         	goto	l785
   215  007FB6                     u80:
   216  007FB6                     
   217                           ;main.c: 29:             duty = 1;
   218  007FB6  0E00               	movlw	0
   219  007FB8  6E06               	movwf	(_duty+1)^0,c
   220  007FBA  0E01               	movlw	1
   221  007FBC  6E05               	movwf	_duty^0,c
   222  007FBE                     l785:
   223                           
   224                           ;main.c: 31:         CCPR1L = duty>>2;
   225  007FBE  C005  F003         	movff	_duty,??_main
   226  007FC2  C006  F004         	movff	_duty+1,??_main+1
   227  007FC6  90D8               	bcf	status,0,c
   228  007FC8  3204               	rrcf	(??_main+1)^0,f,c
   229  007FCA  3203               	rrcf	??_main^0,f,c
   230  007FCC  90D8               	bcf	status,0,c
   231  007FCE  3204               	rrcf	(??_main+1)^0,f,c
   232  007FD0  3203               	rrcf	??_main^0,f,c
   233  007FD2  5003               	movf	??_main^0,w,c
   234  007FD4  6EBE               	movwf	190,c	;volatile
   235  007FD6                     
   236                           ;main.c: 32:         CCP1CONbits.DC1B = duty&0x03;
   237  007FD6  C005  F003         	movff	_duty,??_main
   238  007FDA  0E03               	movlw	3
   239  007FDC  1603               	andwf	??_main^0,f,c
   240  007FDE  3A03               	swapf	??_main^0,f,c
   241  007FE0  50BD               	movf	189,w,c	;volatile
   242  007FE2  1803               	xorwf	??_main^0,w,c
   243  007FE4  0BCF               	andlw	-49
   244  007FE6  1803               	xorwf	??_main^0,w,c
   245  007FE8  6EBD               	movwf	189,c	;volatile
   246  007FEA                     
   247                           ;main.c: 33:         _delay((unsigned long)((20)*(20000000UL/4000.0)));
   248  007FEA  0E82               	movlw	130
   249  007FEC  6E03               	movwf	??_main^0,c
   250  007FEE  0EDE               	movlw	222
   251  007FF0                     u97:
   252  007FF0  2EE8               	decfsz	wreg,f,c
   253  007FF2  D7FE               	bra	u97
   254  007FF4  2E03               	decfsz	??_main^0,f,c
   255  007FF6  D7FC               	bra	u97
   256  007FF8  EFB0  F03F         	goto	l769
   257  007FFC  EF00  F000         	goto	start
   258  008000                     __end_of_main:
   259                           	callstack 0
   260                           
   261 ;; *************** function _pwm_Init *****************
   262 ;; Defined at:
   263 ;;		line 12 in file "pwm_libreria.c"
   264 ;; Parameters:    Size  Location     Type
   265 ;;		None
   266 ;; Auto vars:     Size  Location     Type
   267 ;;		None
   268 ;; Return value:  Size  Location     Type
   269 ;;                  1    wreg      void 
   270 ;; Registers used:
   271 ;;		wreg, status,2, status,0
   272 ;; Tracked objects:
   273 ;;		On entry : 0/0
   274 ;;		On exit  : 0/0
   275 ;;		Unchanged: 0/0
   276 ;; Data sizes:     COMRAM   BANK0   BANK1   BANK2   BANK3   BANK4   BANK5   BANK6   BANK7
   277 ;;      Params:         0       0       0       0       0       0       0       0       0
   278 ;;      Locals:         0       0       0       0       0       0       0       0       0
   279 ;;      Temps:          2       0       0       0       0       0       0       0       0
   280 ;;      Totals:         2       0       0       0       0       0       0       0       0
   281 ;;Total ram usage:        2 bytes
   282 ;; Hardware stack levels used: 1
   283 ;; This function calls:
   284 ;;		Nothing
   285 ;; This function is called by:
   286 ;;		_main
   287 ;; This function uses a non-reentrant model
   288 ;;
   289                           
   290                           	psect	text1
   291  007F12                     __ptext1:
   292                           	callstack 0
   293  007F12                     _pwm_Init:
   294                           	callstack 30
   295  007F12                     
   296                           ;pwm_libreria.c: 13:     PR2 = 12;
   297  007F12  0E0C               	movlw	12
   298  007F14  6ECB               	movwf	203,c	;volatile
   299  007F16                     
   300                           ;pwm_libreria.c: 14:     CCPR1L = duty>>2;
   301  007F16  C005  F001         	movff	_duty,??_pwm_Init
   302  007F1A  C006  F002         	movff	_duty+1,??_pwm_Init+1
   303  007F1E  90D8               	bcf	status,0,c
   304  007F20  3202               	rrcf	(??_pwm_Init+1)^0,f,c
   305  007F22  3201               	rrcf	??_pwm_Init^0,f,c
   306  007F24  90D8               	bcf	status,0,c
   307  007F26  3202               	rrcf	(??_pwm_Init+1)^0,f,c
   308  007F28  3201               	rrcf	??_pwm_Init^0,f,c
   309  007F2A  5001               	movf	??_pwm_Init^0,w,c
   310  007F2C  6EBE               	movwf	190,c	;volatile
   311  007F2E                     
   312                           ;pwm_libreria.c: 15:     CCP1CONbits.DC1B = duty&0x03;
   313  007F2E  C005  F001         	movff	_duty,??_pwm_Init
   314  007F32  0E03               	movlw	3
   315  007F34  1601               	andwf	??_pwm_Init^0,f,c
   316  007F36  3A01               	swapf	??_pwm_Init^0,f,c
   317  007F38  50BD               	movf	189,w,c	;volatile
   318  007F3A  1801               	xorwf	??_pwm_Init^0,w,c
   319  007F3C  0BCF               	andlw	-49
   320  007F3E  1801               	xorwf	??_pwm_Init^0,w,c
   321  007F40  6EBD               	movwf	189,c	;volatile
   322  007F42                     
   323                           ;pwm_libreria.c: 16:     TRISCbits.RC2 = 0;
   324  007F42  9494               	bcf	148,2,c	;volatile
   325                           
   326                           ;pwm_libreria.c: 17:     T2CONbits.T2CKPS = 0b10;
   327  007F44  50CA               	movf	202,w,c	;volatile
   328  007F46  0BFC               	andlw	-4
   329  007F48  0902               	iorlw	2
   330  007F4A  6ECA               	movwf	202,c	;volatile
   331  007F4C                     
   332                           ;pwm_libreria.c: 18:     T2CONbits.TMR2ON = 1;
   333  007F4C  84CA               	bsf	202,2,c	;volatile
   334                           
   335                           ;pwm_libreria.c: 19:     CCP1CONbits.CCP1M = 0b1100;
   336  007F4E  50BD               	movf	189,w,c	;volatile
   337  007F50  0BF0               	andlw	-16
   338  007F52  090C               	iorlw	12
   339  007F54  6EBD               	movwf	189,c	;volatile
   340  007F56  0012               	return		;funcret
   341  007F58                     __end_of_pwm_Init:
   342                           	callstack 0
   343  0000                     
   344                           	psect	rparam
   345  0000                     
   346                           	psect	idloc
   347                           
   348                           ;Config register IDLOC0 @ 0x200000
   349                           ;	unspecified, using default values
   350  200000                     	org	2097152
   351  200000  FF                 	db	255
   352                           
   353                           ;Config register IDLOC1 @ 0x200001
   354                           ;	unspecified, using default values
   355  200001                     	org	2097153
   356  200001  FF                 	db	255
   357                           
   358                           ;Config register IDLOC2 @ 0x200002
   359                           ;	unspecified, using default values
   360  200002                     	org	2097154
   361  200002  FF                 	db	255
   362                           
   363                           ;Config register IDLOC3 @ 0x200003
   364                           ;	unspecified, using default values
   365  200003                     	org	2097155
   366  200003  FF                 	db	255
   367                           
   368                           ;Config register IDLOC4 @ 0x200004
   369                           ;	unspecified, using default values
   370  200004                     	org	2097156
   371  200004  FF                 	db	255
   372                           
   373                           ;Config register IDLOC5 @ 0x200005
   374                           ;	unspecified, using default values
   375  200005                     	org	2097157
   376  200005  FF                 	db	255
   377                           
   378                           ;Config register IDLOC6 @ 0x200006
   379                           ;	unspecified, using default values
   380  200006                     	org	2097158
   381  200006  FF                 	db	255
   382                           
   383                           ;Config register IDLOC7 @ 0x200007
   384                           ;	unspecified, using default values
   385  200007                     	org	2097159
   386  200007  FF                 	db	255
   387                           
   388                           	psect	config
   389                           
   390                           ;Config register CONFIG1L @ 0x300000
   391                           ;	PLL Prescaler Selection bits
   392                           ;	PLLDIV = 1, No prescale (4 MHz oscillator input drives PLL directly)
   393                           ;	System Clock Postscaler Selection bits
   394                           ;	CPUDIV = OSC1_PLL2, [Primary Oscillator Src: /1][96 MHz PLL Src: /2]
   395                           ;	USB Clock Selection bit (used in Full-Speed USB mode only; UCFG:FSEN = 1)
   396                           ;	USBDIV = 1, USB clock source comes directly from the primary oscillator block with no 
      +                          postscale
   397  300000                     	org	3145728
   398  300000  00                 	db	0
   399                           
   400                           ;Config register CONFIG1H @ 0x300001
   401                           ;	Oscillator Selection bits
   402                           ;	FOSC = HS, HS oscillator (HS)
   403                           ;	Fail-Safe Clock Monitor Enable bit
   404                           ;	FCMEN = OFF, Fail-Safe Clock Monitor disabled
   405                           ;	Internal/External Oscillator Switchover bit
   406                           ;	IESO = ON, Oscillator Switchover mode enabled
   407  300001                     	org	3145729
   408  300001  8C                 	db	140
   409                           
   410                           ;Config register CONFIG2L @ 0x300002
   411                           ;	Power-up Timer Enable bit
   412                           ;	PWRT = ON, PWRT enabled
   413                           ;	Brown-out Reset Enable bits
   414                           ;	BOR = OFF, Brown-out Reset disabled in hardware and software
   415                           ;	Brown-out Reset Voltage bits
   416                           ;	BORV = 3, Minimum setting 2.05V
   417                           ;	USB Voltage Regulator Enable bit
   418                           ;	VREGEN = OFF, USB voltage regulator disabled
   419  300002                     	org	3145730
   420  300002  18                 	db	24
   421                           
   422                           ;Config register CONFIG2H @ 0x300003
   423                           ;	Watchdog Timer Enable bit
   424                           ;	WDT = OFF, WDT disabled (control is placed on the SWDTEN bit)
   425                           ;	Watchdog Timer Postscale Select bits
   426                           ;	WDTPS = 32768, 1:32768
   427  300003                     	org	3145731
   428  300003  1E                 	db	30
   429                           
   430                           ; Padding undefined space
   431  300004                     	org	3145732
   432  300004  FF                 	db	255
   433                           
   434                           ;Config register CONFIG3H @ 0x300005
   435                           ;	CCP2 MUX bit
   436                           ;	CCP2MX = ON, CCP2 input/output is multiplexed with RC1
   437                           ;	PORTB A/D Enable bit
   438                           ;	PBADEN = OFF, PORTB<4:0> pins are configured as digital I/O on Reset
   439                           ;	Low-Power Timer 1 Oscillator Enable bit
   440                           ;	LPT1OSC = OFF, Timer1 configured for higher power operation
   441                           ;	MCLR Pin Enable bit
   442                           ;	MCLRE = ON, MCLR pin enabled; RE3 input pin disabled
   443  300005                     	org	3145733
   444  300005  81                 	db	129
   445                           
   446                           ;Config register CONFIG4L @ 0x300006
   447                           ;	Stack Full/Underflow Reset Enable bit
   448                           ;	STVREN = OFF, Stack full/underflow will not cause Reset
   449                           ;	Single-Supply ICSP Enable bit
   450                           ;	LVP = OFF, Single-Supply ICSP disabled
   451                           ;	Dedicated In-Circuit Debug/Programming Port (ICPORT) Enable bit
   452                           ;	ICPRT = OFF, ICPORT disabled
   453                           ;	Extended Instruction Set Enable bit
   454                           ;	XINST = OFF, Instruction set extension and Indexed Addressing mode disabled (Legacy mo
      +                          de)
   455                           ;	Background Debugger Enable bit
   456                           ;	DEBUG = 0x1, unprogrammed default
   457  300006                     	org	3145734
   458  300006  80                 	db	128
   459                           
   460                           ; Padding undefined space
   461  300007                     	org	3145735
   462  300007  FF                 	db	255
   463                           
   464                           ;Config register CONFIG5L @ 0x300008
   465                           ;	Code Protection bit
   466                           ;	CP0 = OFF, Block 0 (000800-001FFFh) is not code-protected
   467                           ;	Code Protection bit
   468                           ;	CP1 = OFF, Block 1 (002000-003FFFh) is not code-protected
   469                           ;	Code Protection bit
   470                           ;	CP2 = OFF, Block 2 (004000-005FFFh) is not code-protected
   471                           ;	Code Protection bit
   472                           ;	CP3 = OFF, Block 3 (006000-007FFFh) is not code-protected
   473  300008                     	org	3145736
   474  300008  0F                 	db	15
   475                           
   476                           ;Config register CONFIG5H @ 0x300009
   477                           ;	Boot Block Code Protection bit
   478                           ;	CPB = OFF, Boot block (000000-0007FFh) is not code-protected
   479                           ;	Data EEPROM Code Protection bit
   480                           ;	CPD = OFF, Data EEPROM is not code-protected
   481  300009                     	org	3145737
   482  300009  C0                 	db	192
   483                           
   484                           ;Config register CONFIG6L @ 0x30000A
   485                           ;	Write Protection bit
   486                           ;	WRT0 = OFF, Block 0 (000800-001FFFh) is not write-protected
   487                           ;	Write Protection bit
   488                           ;	WRT1 = OFF, Block 1 (002000-003FFFh) is not write-protected
   489                           ;	Write Protection bit
   490                           ;	WRT2 = OFF, Block 2 (004000-005FFFh) is not write-protected
   491                           ;	Write Protection bit
   492                           ;	WRT3 = OFF, Block 3 (006000-007FFFh) is not write-protected
   493  30000A                     	org	3145738
   494  30000A  0F                 	db	15
   495                           
   496                           ;Config register CONFIG6H @ 0x30000B
   497                           ;	Configuration Register Write Protection bit
   498                           ;	WRTC = OFF, Configuration registers (300000-3000FFh) are not write-protected
   499                           ;	Boot Block Write Protection bit
   500                           ;	WRTB = OFF, Boot block (000000-0007FFh) is not write-protected
   501                           ;	Data EEPROM Write Protection bit
   502                           ;	WRTD = OFF, Data EEPROM is not write-protected
   503  30000B                     	org	3145739
   504  30000B  E0                 	db	224
   505                           
   506                           ;Config register CONFIG7L @ 0x30000C
   507                           ;	Table Read Protection bit
   508                           ;	EBTR0 = OFF, Block 0 (000800-001FFFh) is not protected from table reads executed in ot
      +                          her blocks
   509                           ;	Table Read Protection bit
   510                           ;	EBTR1 = OFF, Block 1 (002000-003FFFh) is not protected from table reads executed in ot
      +                          her blocks
   511                           ;	Table Read Protection bit
   512                           ;	EBTR2 = OFF, Block 2 (004000-005FFFh) is not protected from table reads executed in ot
      +                          her blocks
   513                           ;	Table Read Protection bit
   514                           ;	EBTR3 = OFF, Block 3 (006000-007FFFh) is not protected from table reads executed in ot
      +                          her blocks
   515  30000C                     	org	3145740
   516  30000C  0F                 	db	15
   517                           
   518                           ;Config register CONFIG7H @ 0x30000D
   519                           ;	Boot Block Table Read Protection bit
   520                           ;	EBTRB = OFF, Boot block (000000-0007FFh) is not protected from table reads executed in
      +                           other blocks
   521  30000D                     	org	3145741
   522  30000D  40                 	db	64
   523                           tosu	equ	0xFFF
   524                           tosh	equ	0xFFE
   525                           tosl	equ	0xFFD
   526                           stkptr	equ	0xFFC
   527                           pclatu	equ	0xFFB
   528                           pclath	equ	0xFFA
   529                           pcl	equ	0xFF9
   530                           tblptru	equ	0xFF8
   531                           tblptrh	equ	0xFF7
   532                           tblptrl	equ	0xFF6
   533                           tablat	equ	0xFF5
   534                           prodh	equ	0xFF4
   535                           prodl	equ	0xFF3
   536                           indf0	equ	0xFEF
   537                           postinc0	equ	0xFEE
   538                           postdec0	equ	0xFED
   539                           preinc0	equ	0xFEC
   540                           plusw0	equ	0xFEB
   541                           fsr0h	equ	0xFEA
   542                           fsr0l	equ	0xFE9
   543                           wreg	equ	0xFE8
   544                           indf1	equ	0xFE7
   545                           postinc1	equ	0xFE6
   546                           postdec1	equ	0xFE5
   547                           preinc1	equ	0xFE4
   548                           plusw1	equ	0xFE3
   549                           fsr1h	equ	0xFE2
   550                           fsr1l	equ	0xFE1
   551                           bsr	equ	0xFE0
   552                           indf2	equ	0xFDF
   553                           postinc2	equ	0xFDE
   554                           postdec2	equ	0xFDD
   555                           preinc2	equ	0xFDC
   556                           plusw2	equ	0xFDB
   557                           fsr2h	equ	0xFDA
   558                           fsr2l	equ	0xFD9
   559                           status	equ	0xFD8

Data Sizes:
    Strings     0
    Constant    0
    Data        2
    BSS         0
    Persistent  0
    Stack       0

Auto Spaces:
    Space          Size  Autos    Used
    COMRAM           95      4       6
    BANK0           160      0       0
    BANK1           256      0       0
    BANK2           256      0       0
    BANK3           256      0       0
    BANK4           256      0       0
    BANK5           256      0       0
    BANK6           256      0       0
    BANK7           256      0       0

Pointer List with Targets:

    None.

Critical Paths under _main in COMRAM

    _main->_pwm_Init

Critical Paths under _main in BANK0

    None.

Critical Paths under _main in BANK1

    None.

Critical Paths under _main in BANK2

    None.

Critical Paths under _main in BANK3

    None.

Critical Paths under _main in BANK4

    None.

Critical Paths under _main in BANK5

    None.

Critical Paths under _main in BANK6

    None.

Critical Paths under _main in BANK7

    None.

Call Graph Tables:

 ---------------------------------------------------------------------------------
 (Depth) Function   	        Calls       Base Space   Used Autos Params    Refs
 ---------------------------------------------------------------------------------
 (0) _main                                                 2     2      0       0
                                              2 COMRAM     2     2      0
                           _pwm_Init
 ---------------------------------------------------------------------------------
 (1) _pwm_Init                                             2     2      0       0
                                              0 COMRAM     2     2      0
 ---------------------------------------------------------------------------------
 Estimated maximum stack depth 1
 ---------------------------------------------------------------------------------

 Call Graph Graphs:

 _main (ROOT)
   _pwm_Init

 Address spaces:
Name               Size   Autos  Total    Cost      Usage
BIGRAM             7FF      0       0      21        0.0%
EEDATA             100      0       0       0        0.0%
BITBANK7           100      0       0      18        0.0%
BANK7              100      0       0      19        0.0%
BITBANK6           100      0       0      16        0.0%
BANK6              100      0       0      17        0.0%
BITBANK5           100      0       0      14        0.0%
BANK5              100      0       0      15        0.0%
BITBANK4           100      0       0      12        0.0%
BANK4              100      0       0      13        0.0%
BITBANK3           100      0       0      10        0.0%
BANK3              100      0       0      11        0.0%
BITBANK2           100      0       0       8        0.0%
BANK2              100      0       0       9        0.0%
BITBANK1           100      0       0       6        0.0%
BANK1              100      0       0       7        0.0%
BITBANK0            A0      0       0       4        0.0%
BANK0               A0      0       0       5        0.0%
BITCOMRAM           5F      0       0       0        0.0%
COMRAM              5F      4       6       1        6.3%
BITSFR               0      0       0     200        0.0%
SFR                  0      0       0     200        0.0%
STACK                0      0       0       2        0.0%
NULL                 0      0       0       0        0.0%
ABS                  0      0       6      20        0.0%
DATA                 0      0       6       3        0.0%
CODE                 0      0       0       0        0.0%


Microchip Technology PIC18 Macro Assembler V2.32 build 20210201212658 
Symbol Table                                                                                   Fri Apr 30 01:16:15 2021

                     l41 7F56                       u50 7F6E                       u51 7F6A  
                     u60 7F80                       u61 7F7C                       u70 7F9C  
                     u71 7F98                       u80 7FB6                       u81 7FB2  
                     u97 7FF0                      l761 7F42                      l763 7F4C  
                    l755 7F12                      l771 7F6E                      l757 7F16  
                    l781 7FA4                      l773 7F72                      l765 7F58  
                    l759 7F2E                      l783 7FB6                      l775 7F80  
                    l767 7F5C                      l785 7FBE                      l777 7F86  
                    l769 7F60                      l787 7FD6                      l779 7F9C  
                    l789 7FEA                      _PR2 000FCB                      wreg 000FE8  
                   _main 7F58                     _duty 0005                     start 0000  
           ___param_bank 000000                    ?_main 0001                    tablat 000FF5  
                  status 000FD8          __initialization 7EF4             __end_of_main 8000  
                 ??_main 0003            __activetblptr 000000                   _CCPR1L 000FBE  
                 isa$std 000001             __pdataCOMRAM 0005         __end_of_pwm_Init 7F58  
                 tblptrh 000FF7                   tblptrl 000FF6                   tblptru 000FF8  
             __accesstop 0060  __end_of__initialization 7F0C            ___rparam_used 000001  
         __pcstackCOMRAM 0001                  __Hparam 0000                  __Lparam 0000  
              ?_pwm_Init 0001                  __pcinit 7EF4                  __ramtop 0800  
                __ptext0 7F58                  __ptext1 7F12                _T2CONbits 000FCA  
   end_of_initialization 7F0C               ??_pwm_Init 0001                _PORTBbits 000F81  
              _TRISBbits 000F93                _TRISCbits 000F94              _CCP1CONbits 000FBD  
          __pidataCOMRAM 7EF2      start_initialization 7EF4        __size_of_pwm_Init 0046  
               __Hrparam 0000                 __Lrparam 0000            __size_of_main 00A8  
               isa$xinst 000000                 _pwm_Init 7F12  
