

Microchip MPLAB XC8 Assembler V2.32 build 20210201212658 
                                                                                               Mon Apr 12 03:39:34 2021

Microchip MPLAB XC8 C Compiler v2.32 (Free license) build 20210201212658 Og1 
     1                           	processor	18F4550
     2                           	fnconf	rparam,??,?,0
     3                           	pagewidth 120
     4                           	opt	flic
     5                           	psect	cinit,global,reloc=2,class=CODE,delta=1
     6                           	psect	cstackCOMRAM,global,class=COMRAM,space=1,delta=1,lowdata,noexec
     7                           	psect	text0,global,reloc=2,class=CODE,delta=1
     8                           	psect	text1,global,reloc=2,class=CODE,delta=1
     9                           	psect	intcodelo,global,reloc=2,class=CODE,delta=1
    10                           	psect	intcode,global,reloc=2,class=CODE,delta=1
    11                           	psect	intcode_body,global,reloc=2,class=CODE,delta=1
    12                           	psect	intsave_regs,global,class=BIGRAM,space=1,delta=1,noexec
    13                           	psect	rparam,global,class=COMRAM,space=1,delta=1,noexec
    14                           	psect	temp,global,ovrld,common,class=COMRAM,space=1,delta=1
    15                           	psect	idloc,global,abs,ovrld,class=IDLOC,space=5,delta=1,noexec
    16                           	psect	config,global,abs,ovrld,class=CONFIG,space=4,delta=1,noexec
    17  0000                     
    18                           ; Version 2.20
    19                           ; Generated 12/02/2020 GMT
    20                           ; 
    21                           ; Copyright © 2020, Microchip Technology Inc. and its subsidiaries ("Microchip")
    22                           ; All rights reserved.
    23                           ; 
    24                           ; This software is developed by Microchip Technology Inc. and its subsidiaries ("Microch
      +                          ip").
    25                           ; 
    26                           ; Redistribution and use in source and binary forms, with or without modification, are
    27                           ; permitted provided that the following conditions are met:
    28                           ; 
    29                           ;     1. Redistributions of source code must retain the above copyright notice, this lis
      +                          t of
    30                           ;        conditions and the following disclaimer.
    31                           ; 
    32                           ;     2. Redistributions in binary form must reproduce the above copyright notice, this 
      +                          list
    33                           ;        of conditions and the following disclaimer in the documentation and/or other
    34                           ;        materials provided with the distribution.
    35                           ; 
    36                           ;     3. Microchip's name may not be used to endorse or promote products derived from th
      +                          is
    37                           ;        software without specific prior written permission.
    38                           ; 
    39                           ; THIS SOFTWARE IS PROVIDED BY MICROCHIP "AS IS" AND ANY EXPRESS OR IMPLIED WARRANTIES,
    40                           ; INCLUDING, BUT NOT LIMITED TO, THE IMPLIED WARRANTIES OF MERCHANTABILITY AND FITNESS F
      +                          OR
    41                           ; PURPOSE ARE DISCLAIMED.  IN NO EVENT SHALL MICROCHIP BE LIABLE FOR ANY DIRECT, INDIREC
      +                          T,
    42                           ; INCIDENTAL, SPECIAL, EXEMPLARY, OR CONSEQUENTIAL DAMAGES (INCLUDING BUT NOT LIMITED TO
    43                           ; PROCUREMENT OF SUBSTITUTE GOODS OR SERVICES; LOSS OF USE, DATA OR PROFITS; OR BUSINESS
    44                           ; INTERRUPTION) HOWSOEVER CAUSED AND ON ANY THEORY OF LIABILITY, WHETHER IN CONTRACT, ST
      +                          RICT
    45                           ; LIABILITY, OR TORT (INCLUDING NEGLIGENCE OR OTHERWISE) ARISING IN ANY WAY OUT OF THE U
      +                          SE OF
    46                           ; THIS SOFTWARE, EVEN IF ADVISED OF THE POSSIBILITY OF SUCH DAMAGE.
    47                           ; 
    48                           ; 
    49                           ; Code-generator required, PIC18F4550 Definitions
    50                           ; 
    51                           ; SFR Addresses
    52  0000                     _TRISDbits	set	3989
    53  0000                     _LATDbits	set	3980
    54  0000                     _INTCONbits	set	4082
    55  0000                     _RCONbits	set	4048
    56  0000                     _INTCON2bits	set	4081
    57  0000                     _INTCON3bits	set	4080
    58  0000                     _TRISBbits	set	3987
    59                           
    60                           ; #config settings
    61                           
    62                           	psect	cinit
    63  000070                     __pcinit:
    64                           	callstack 0
    65  000070                     start_initialization:
    66                           	callstack 0
    67  000070                     __initialization:
    68                           	callstack 0
    69  000070                     end_of_initialization:
    70                           	callstack 0
    71  000070                     __end_of__initialization:
    72                           	callstack 0
    73  000070  9002               	bcf	int$flags,0,c	;clear compiler interrupt flag (level 1)
    74  000072  9202               	bcf	int$flags,1,c	;clear compiler interrupt flag (level 2)
    75  000074  0100               	movlb	0
    76  000076  EF3D  F000         	goto	_main	;jump to C main() function
    77                           
    78                           	psect	cstackCOMRAM
    79  000001                     __pcstackCOMRAM:
    80                           	callstack 0
    81  000001                     ??_INT_BAJA:
    82  000001                     
    83                           ; 1 bytes @ 0x0
    84  000001                     	ds	1
    85  000002                     
    86                           ; 1 bytes @ 0x1
    87 ;;
    88 ;;Main: autosize = 0, tempsize = 0, incstack = 0, save=0
    89 ;;
    90 ;; *************** function _main *****************
    91 ;; Defined at:
    92 ;;		line 12 in file "main.c"
    93 ;; Parameters:    Size  Location     Type
    94 ;;		None
    95 ;; Auto vars:     Size  Location     Type
    96 ;;		None
    97 ;; Return value:  Size  Location     Type
    98 ;;                  1    wreg      void 
    99 ;; Registers used:
   100 ;;		cstack
   101 ;; Tracked objects:
   102 ;;		On entry : 0/0
   103 ;;		On exit  : 0/0
   104 ;;		Unchanged: 0/0
   105 ;; Data sizes:     COMRAM   BANK0   BANK1   BANK2   BANK3   BANK4   BANK5   BANK6   BANK7
   106 ;;      Params:         0       0       0       0       0       0       0       0       0
   107 ;;      Locals:         0       0       0       0       0       0       0       0       0
   108 ;;      Temps:          0       0       0       0       0       0       0       0       0
   109 ;;      Totals:         0       0       0       0       0       0       0       0       0
   110 ;;Total ram usage:        0 bytes
   111 ;; Hardware stack levels required when called: 3
   112 ;; This function calls:
   113 ;;		_INT_Init
   114 ;; This function is called by:
   115 ;;		Startup code after reset
   116 ;; This function uses a non-reentrant model
   117 ;;
   118                           
   119                           	psect	text0
   120  00007A                     __ptext0:
   121                           	callstack 0
   122  00007A                     _main:
   123                           	callstack 28
   124  00007A                     
   125                           ;main.c: 13:     INT_Init();
   126  00007A  EC1E  F000         	call	_INT_Init	;wreg free
   127  00007E                     
   128                           ;main.c: 14:     TRISDbits.RD0 = 0;
   129  00007E  9095               	bcf	149,0,c	;volatile
   130  000080  EF1C  F000         	goto	start
   131  000084                     __end_of_main:
   132                           	callstack 0
   133                           
   134 ;; *************** function _INT_Init *****************
   135 ;; Defined at:
   136 ;;		line 10 in file "interrupcion_libreria.c"
   137 ;; Parameters:    Size  Location     Type
   138 ;;		None
   139 ;; Auto vars:     Size  Location     Type
   140 ;;		None
   141 ;; Return value:  Size  Location     Type
   142 ;;                  1    wreg      void 
   143 ;; Registers used:
   144 ;;		None
   145 ;; Tracked objects:
   146 ;;		On entry : 0/0
   147 ;;		On exit  : 0/0
   148 ;;		Unchanged: 0/0
   149 ;; Data sizes:     COMRAM   BANK0   BANK1   BANK2   BANK3   BANK4   BANK5   BANK6   BANK7
   150 ;;      Params:         0       0       0       0       0       0       0       0       0
   151 ;;      Locals:         0       0       0       0       0       0       0       0       0
   152 ;;      Temps:          0       0       0       0       0       0       0       0       0
   153 ;;      Totals:         0       0       0       0       0       0       0       0       0
   154 ;;Total ram usage:        0 bytes
   155 ;; Hardware stack levels used: 1
   156 ;; Hardware stack levels required when called: 2
   157 ;; This function calls:
   158 ;;		Nothing
   159 ;; This function is called by:
   160 ;;		_main
   161 ;; This function uses a non-reentrant model
   162 ;;
   163                           
   164                           	psect	text1
   165  00003C                     __ptext1:
   166                           	callstack 0
   167  00003C                     _INT_Init:
   168                           	callstack 28
   169  00003C                     
   170                           ;interrupcion_libreria.c: 11:     TRISBbits.RB1 = 1;
   171  00003C  8293               	bsf	147,1,c	;volatile
   172                           
   173                           ;interrupcion_libreria.c: 12:     TRISBbits.RB2 = 1;
   174  00003E  8493               	bsf	147,2,c	;volatile
   175                           
   176                           ;interrupcion_libreria.c: 14:     INTCON3bits.INT1IE = 1;
   177  000040  86F0               	bsf	240,3,c	;volatile
   178                           
   179                           ;interrupcion_libreria.c: 15:     INTCON3bits.INT2IE = 1;
   180  000042  88F0               	bsf	240,4,c	;volatile
   181                           
   182                           ;interrupcion_libreria.c: 17:     INTCON3bits.INT1IF = 0;
   183  000044  90F0               	bcf	240,0,c	;volatile
   184                           
   185                           ;interrupcion_libreria.c: 18:     INTCON3bits.INT2IF = 0;
   186  000046  92F0               	bcf	240,1,c	;volatile
   187                           
   188                           ;interrupcion_libreria.c: 20:     INTCON3bits.INT1IP = 1;
   189  000048  8CF0               	bsf	240,6,c	;volatile
   190                           
   191                           ;interrupcion_libreria.c: 21:     INTCON3bits.INT2IP = 0;
   192  00004A  9EF0               	bcf	240,7,c	;volatile
   193                           
   194                           ;interrupcion_libreria.c: 23:     INTCON2bits.INTEDG0 = 0;
   195  00004C  9CF1               	bcf	241,6,c	;volatile
   196                           
   197                           ;interrupcion_libreria.c: 24:     INTCON2bits.INTEDG1 = 0;
   198  00004E  9AF1               	bcf	241,5,c	;volatile
   199                           
   200                           ;interrupcion_libreria.c: 26:     RCONbits.IPEN = 1;
   201  000050  8ED0               	bsf	208,7,c	;volatile
   202                           
   203                           ;interrupcion_libreria.c: 27:     INTCONbits.GIEH = 1;
   204  000052  8EF2               	bsf	242,7,c	;volatile
   205                           
   206                           ;interrupcion_libreria.c: 28:     INTCONbits.GIEL = 1;
   207  000054  8CF2               	bsf	242,6,c	;volatile
   208  000056  0012               	return		;funcret
   209  000058                     __end_of_INT_Init:
   210                           	callstack 0
   211                           
   212 ;; *************** function _INT_BAJA *****************
   213 ;; Defined at:
   214 ;;		line 37 in file "interrupcion_libreria.c"
   215 ;; Parameters:    Size  Location     Type
   216 ;;		None
   217 ;; Auto vars:     Size  Location     Type
   218 ;;		None
   219 ;; Return value:  Size  Location     Type
   220 ;;                  1    wreg      void 
   221 ;; Registers used:
   222 ;;		None
   223 ;; Tracked objects:
   224 ;;		On entry : 0/0
   225 ;;		On exit  : 0/0
   226 ;;		Unchanged: 0/0
   227 ;; Data sizes:     COMRAM   BANK0   BANK1   BANK2   BANK3   BANK4   BANK5   BANK6   BANK7
   228 ;;      Params:         0       0       0       0       0       0       0       0       0
   229 ;;      Locals:         0       0       0       0       0       0       0       0       0
   230 ;;      Temps:          1       0       0       0       0       0       0       0       0
   231 ;;      Totals:         1       0       0       0       0       0       0       0       0
   232 ;;Total ram usage:        1 bytes
   233 ;; Hardware stack levels used: 1
   234 ;; Hardware stack levels required when called: 1
   235 ;; This function calls:
   236 ;;		Nothing
   237 ;; This function is called by:
   238 ;;		Interrupt level 1
   239 ;; This function uses a non-reentrant model
   240 ;;
   241                           
   242                           	psect	intcodelo
   243  000018                     __pintcodelo:
   244                           	callstack 0
   245  000018                     _INT_BAJA:
   246                           	callstack 28
   247                           
   248                           ;incstack = 0
   249  000018  8002               	bsf	int$flags,0,c	;set compiler interrupt flag (level 1)
   250  00001A  CFE0 F001          	movff	bsr,??_INT_BAJA
   251  00001E                     
   252                           ;interrupcion_libreria.c: 38:     if(INTCON3bits.INT2IF == 1){
   253  00001E  A2F0               	btfss	240,1,c	;volatile
   254  000020  EF14  F000         	goto	i1u2_21
   255  000024  EF16  F000         	goto	i1u2_20
   256  000028                     i1u2_21:
   257  000028  EF18  F000         	goto	i1l27
   258  00002C                     i1u2_20:
   259  00002C                     
   260                           ;interrupcion_libreria.c: 39:         LATDbits.LATD0 = 1;
   261  00002C  808C               	bsf	140,0,c	;volatile
   262                           
   263                           ;interrupcion_libreria.c: 40:         INTCON3bits.INT2IF = 0;
   264  00002E  92F0               	bcf	240,1,c	;volatile
   265  000030                     i1l27:
   266  000030  C001  FFE0         	movff	??_INT_BAJA,bsr
   267  000034  9002               	bcf	int$flags,0,c	;clear compiler interrupt flag (level 1)
   268  000036  0010               	retfie	
   269  000038                     __end_of_INT_BAJA:
   270                           	callstack 0
   271                           
   272 ;; *************** function _INT_ALTA *****************
   273 ;; Defined at:
   274 ;;		line 31 in file "interrupcion_libreria.c"
   275 ;; Parameters:    Size  Location     Type
   276 ;;		None
   277 ;; Auto vars:     Size  Location     Type
   278 ;;		None
   279 ;; Return value:  Size  Location     Type
   280 ;;                  1    wreg      void 
   281 ;; Registers used:
   282 ;;		None
   283 ;; Tracked objects:
   284 ;;		On entry : 0/0
   285 ;;		On exit  : 0/0
   286 ;;		Unchanged: 0/0
   287 ;; Data sizes:     COMRAM   BANK0   BANK1   BANK2   BANK3   BANK4   BANK5   BANK6   BANK7
   288 ;;      Params:         0       0       0       0       0       0       0       0       0
   289 ;;      Locals:         0       0       0       0       0       0       0       0       0
   290 ;;      Temps:          0       0       0       0       0       0       0       0       0
   291 ;;      Totals:         0       0       0       0       0       0       0       0       0
   292 ;;Total ram usage:        0 bytes
   293 ;; Hardware stack levels used: 1
   294 ;; This function calls:
   295 ;;		Nothing
   296 ;; This function is called by:
   297 ;;		Interrupt level 2
   298 ;; This function uses a non-reentrant model
   299 ;;
   300                           
   301                           	psect	intcode
   302  000008                     __pintcode:
   303                           	callstack 0
   304  000008                     _INT_ALTA:
   305                           	callstack 28
   306                           
   307                           ;incstack = 0
   308  000008  8202               	bsf	int$flags,1,c	;set compiler interrupt flag (level 2)
   309  00000A  ED2C  F000         	call	int_func,f	;refresh shadow registers
   310                           
   311                           	psect	intcode_body
   312  000058                     __pintcode_body:
   313                           	callstack 28
   314  000058                     int_func:
   315                           	callstack 28
   316  000058  0006               	pop		; remove dummy address from shadow register refresh
   317  00005A                     
   318                           ;interrupcion_libreria.c: 32:     if(INTCON3bits.INT1IF == 1){
   319  00005A  A0F0               	btfss	240,0,c	;volatile
   320  00005C  EF32  F000         	goto	i2u1_41
   321  000060  EF34  F000         	goto	i2u1_40
   322  000064                     i2u1_41:
   323  000064  EF36  F000         	goto	i2l21
   324  000068                     i2u1_40:
   325  000068                     
   326                           ;interrupcion_libreria.c: 33:         LATDbits.LATD0 = 0;
   327  000068  908C               	bcf	140,0,c	;volatile
   328                           
   329                           ;interrupcion_libreria.c: 34:         INTCON3bits.INT1IF = 0;
   330  00006A  90F0               	bcf	240,0,c	;volatile
   331  00006C                     i2l21:
   332  00006C  9202               	bcf	int$flags,1,c	;clear compiler interrupt flag (level 2)
   333  00006E  0011               	retfie		f
   334  000070                     __end_of_INT_ALTA:
   335                           	callstack 0
   336  0000                     
   337                           	psect	rparam
   338  0000                     
   339                           	psect	temp
   340  000002                     btemp:
   341                           	callstack 0
   342  000002                     	ds	1
   343  0000                     int$flags	set	btemp
   344  0000                     wtemp8	set	btemp+1
   345  0000                     ttemp5	set	btemp+1
   346  0000                     ttemp6	set	btemp+4
   347  0000                     ttemp7	set	btemp+8
   348                           
   349                           	psect	idloc
   350                           
   351                           ;Config register IDLOC0 @ 0x200000
   352                           ;	unspecified, using default values
   353  200000                     	org	2097152
   354  200000  FF                 	db	255
   355                           
   356                           ;Config register IDLOC1 @ 0x200001
   357                           ;	unspecified, using default values
   358  200001                     	org	2097153
   359  200001  FF                 	db	255
   360                           
   361                           ;Config register IDLOC2 @ 0x200002
   362                           ;	unspecified, using default values
   363  200002                     	org	2097154
   364  200002  FF                 	db	255
   365                           
   366                           ;Config register IDLOC3 @ 0x200003
   367                           ;	unspecified, using default values
   368  200003                     	org	2097155
   369  200003  FF                 	db	255
   370                           
   371                           ;Config register IDLOC4 @ 0x200004
   372                           ;	unspecified, using default values
   373  200004                     	org	2097156
   374  200004  FF                 	db	255
   375                           
   376                           ;Config register IDLOC5 @ 0x200005
   377                           ;	unspecified, using default values
   378  200005                     	org	2097157
   379  200005  FF                 	db	255
   380                           
   381                           ;Config register IDLOC6 @ 0x200006
   382                           ;	unspecified, using default values
   383  200006                     	org	2097158
   384  200006  FF                 	db	255
   385                           
   386                           ;Config register IDLOC7 @ 0x200007
   387                           ;	unspecified, using default values
   388  200007                     	org	2097159
   389  200007  FF                 	db	255
   390                           
   391                           	psect	config
   392                           
   393                           ;Config register CONFIG1L @ 0x300000
   394                           ;	PLL Prescaler Selection bits
   395                           ;	PLLDIV = 1, No prescale (4 MHz oscillator input drives PLL directly)
   396                           ;	System Clock Postscaler Selection bits
   397                           ;	CPUDIV = OSC1_PLL2, [Primary Oscillator Src: /1][96 MHz PLL Src: /2]
   398                           ;	USB Clock Selection bit (used in Full-Speed USB mode only; UCFG:FSEN = 1)
   399                           ;	USBDIV = 1, USB clock source comes directly from the primary oscillator block with no 
      +                          postscale
   400  300000                     	org	3145728
   401  300000  00                 	db	0
   402                           
   403                           ;Config register CONFIG1H @ 0x300001
   404                           ;	Oscillator Selection bits
   405                           ;	FOSC = HS, HS oscillator (HS)
   406                           ;	Fail-Safe Clock Monitor Enable bit
   407                           ;	FCMEN = OFF, Fail-Safe Clock Monitor disabled
   408                           ;	Internal/External Oscillator Switchover bit
   409                           ;	IESO = ON, Oscillator Switchover mode enabled
   410  300001                     	org	3145729
   411  300001  8C                 	db	140
   412                           
   413                           ;Config register CONFIG2L @ 0x300002
   414                           ;	Power-up Timer Enable bit
   415                           ;	PWRT = ON, PWRT enabled
   416                           ;	Brown-out Reset Enable bits
   417                           ;	BOR = OFF, Brown-out Reset disabled in hardware and software
   418                           ;	Brown-out Reset Voltage bits
   419                           ;	BORV = 3, Minimum setting 2.05V
   420                           ;	USB Voltage Regulator Enable bit
   421                           ;	VREGEN = OFF, USB voltage regulator disabled
   422  300002                     	org	3145730
   423  300002  18                 	db	24
   424                           
   425                           ;Config register CONFIG2H @ 0x300003
   426                           ;	Watchdog Timer Enable bit
   427                           ;	WDT = OFF, WDT disabled (control is placed on the SWDTEN bit)
   428                           ;	Watchdog Timer Postscale Select bits
   429                           ;	WDTPS = 32768, 1:32768
   430  300003                     	org	3145731
   431  300003  1E                 	db	30
   432                           
   433                           ; Padding undefined space
   434  300004                     	org	3145732
   435  300004  FF                 	db	255
   436                           
   437                           ;Config register CONFIG3H @ 0x300005
   438                           ;	CCP2 MUX bit
   439                           ;	CCP2MX = ON, CCP2 input/output is multiplexed with RC1
   440                           ;	PORTB A/D Enable bit
   441                           ;	PBADEN = OFF, PORTB<4:0> pins are configured as digital I/O on Reset
   442                           ;	Low-Power Timer 1 Oscillator Enable bit
   443                           ;	LPT1OSC = OFF, Timer1 configured for higher power operation
   444                           ;	MCLR Pin Enable bit
   445                           ;	MCLRE = ON, MCLR pin enabled; RE3 input pin disabled
   446  300005                     	org	3145733
   447  300005  81                 	db	129
   448                           
   449                           ;Config register CONFIG4L @ 0x300006
   450                           ;	Stack Full/Underflow Reset Enable bit
   451                           ;	STVREN = OFF, Stack full/underflow will not cause Reset
   452                           ;	Single-Supply ICSP Enable bit
   453                           ;	LVP = OFF, Single-Supply ICSP disabled
   454                           ;	Dedicated In-Circuit Debug/Programming Port (ICPORT) Enable bit
   455                           ;	ICPRT = OFF, ICPORT disabled
   456                           ;	Extended Instruction Set Enable bit
   457                           ;	XINST = OFF, Instruction set extension and Indexed Addressing mode disabled (Legacy mo
      +                          de)
   458                           ;	Background Debugger Enable bit
   459                           ;	DEBUG = 0x1, unprogrammed default
   460  300006                     	org	3145734
   461  300006  80                 	db	128
   462                           
   463                           ; Padding undefined space
   464  300007                     	org	3145735
   465  300007  FF                 	db	255
   466                           
   467                           ;Config register CONFIG5L @ 0x300008
   468                           ;	Code Protection bit
   469                           ;	CP0 = OFF, Block 0 (000800-001FFFh) is not code-protected
   470                           ;	Code Protection bit
   471                           ;	CP1 = OFF, Block 1 (002000-003FFFh) is not code-protected
   472                           ;	Code Protection bit
   473                           ;	CP2 = OFF, Block 2 (004000-005FFFh) is not code-protected
   474                           ;	Code Protection bit
   475                           ;	CP3 = OFF, Block 3 (006000-007FFFh) is not code-protected
   476  300008                     	org	3145736
   477  300008  0F                 	db	15
   478                           
   479                           ;Config register CONFIG5H @ 0x300009
   480                           ;	Boot Block Code Protection bit
   481                           ;	CPB = OFF, Boot block (000000-0007FFh) is not code-protected
   482                           ;	Data EEPROM Code Protection bit
   483                           ;	CPD = OFF, Data EEPROM is not code-protected
   484  300009                     	org	3145737
   485  300009  C0                 	db	192
   486                           
   487                           ;Config register CONFIG6L @ 0x30000A
   488                           ;	Write Protection bit
   489                           ;	WRT0 = OFF, Block 0 (000800-001FFFh) is not write-protected
   490                           ;	Write Protection bit
   491                           ;	WRT1 = OFF, Block 1 (002000-003FFFh) is not write-protected
   492                           ;	Write Protection bit
   493                           ;	WRT2 = OFF, Block 2 (004000-005FFFh) is not write-protected
   494                           ;	Write Protection bit
   495                           ;	WRT3 = OFF, Block 3 (006000-007FFFh) is not write-protected
   496  30000A                     	org	3145738
   497  30000A  0F                 	db	15
   498                           
   499                           ;Config register CONFIG6H @ 0x30000B
   500                           ;	Configuration Register Write Protection bit
   501                           ;	WRTC = OFF, Configuration registers (300000-3000FFh) are not write-protected
   502                           ;	Boot Block Write Protection bit
   503                           ;	WRTB = OFF, Boot block (000000-0007FFh) is not write-protected
   504                           ;	Data EEPROM Write Protection bit
   505                           ;	WRTD = OFF, Data EEPROM is not write-protected
   506  30000B                     	org	3145739
   507  30000B  E0                 	db	224
   508                           
   509                           ;Config register CONFIG7L @ 0x30000C
   510                           ;	Table Read Protection bit
   511                           ;	EBTR0 = OFF, Block 0 (000800-001FFFh) is not protected from table reads executed in ot
      +                          her blocks
   512                           ;	Table Read Protection bit
   513                           ;	EBTR1 = OFF, Block 1 (002000-003FFFh) is not protected from table reads executed in ot
      +                          her blocks
   514                           ;	Table Read Protection bit
   515                           ;	EBTR2 = OFF, Block 2 (004000-005FFFh) is not protected from table reads executed in ot
      +                          her blocks
   516                           ;	Table Read Protection bit
   517                           ;	EBTR3 = OFF, Block 3 (006000-007FFFh) is not protected from table reads executed in ot
      +                          her blocks
   518  30000C                     	org	3145740
   519  30000C  0F                 	db	15
   520                           
   521                           ;Config register CONFIG7H @ 0x30000D
   522                           ;	Boot Block Table Read Protection bit
   523                           ;	EBTRB = OFF, Boot block (000000-0007FFh) is not protected from table reads executed in
      +                           other blocks
   524  30000D                     	org	3145741
   525  30000D  40                 	db	64
   526                           tosu	equ	0xFFF
   527                           tosh	equ	0xFFE
   528                           tosl	equ	0xFFD
   529                           stkptr	equ	0xFFC
   530                           pclatu	equ	0xFFB
   531                           pclath	equ	0xFFA
   532                           pcl	equ	0xFF9
   533                           tblptru	equ	0xFF8
   534                           tblptrh	equ	0xFF7
   535                           tblptrl	equ	0xFF6
   536                           tablat	equ	0xFF5
   537                           prodh	equ	0xFF4
   538                           prodl	equ	0xFF3
   539                           indf0	equ	0xFEF
   540                           postinc0	equ	0xFEE
   541                           postdec0	equ	0xFED
   542                           preinc0	equ	0xFEC
   543                           plusw0	equ	0xFEB
   544                           fsr0h	equ	0xFEA
   545                           fsr0l	equ	0xFE9
   546                           wreg	equ	0xFE8
   547                           indf1	equ	0xFE7
   548                           postinc1	equ	0xFE6
   549                           postdec1	equ	0xFE5
   550                           preinc1	equ	0xFE4
   551                           plusw1	equ	0xFE3
   552                           fsr1h	equ	0xFE2
   553                           fsr1l	equ	0xFE1
   554                           bsr	equ	0xFE0
   555                           indf2	equ	0xFDF
   556                           postinc2	equ	0xFDE
   557                           postdec2	equ	0xFDD
   558                           preinc2	equ	0xFDC
   559                           plusw2	equ	0xFDB
   560                           fsr2h	equ	0xFDA
   561                           fsr2l	equ	0xFD9
   562                           status	equ	0xFD8

Data Sizes:
    Strings     0
    Constant    0
    Data        0
    BSS         0
    Persistent  0
    Stack       0

Auto Spaces:
    Space          Size  Autos    Used
    COMRAM           94      1       1
    BANK0           160      0       0
    BANK1           256      0       0
    BANK2           256      0       0
    BANK3           256      0       0
    BANK4           256      0       0
    BANK5           256      0       0
    BANK6           256      0       0
    BANK7           256      0       0

Pointer List with Targets:

    None.

Critical Paths under _main in COMRAM

    None.

Critical Paths under _INT_BAJA in COMRAM

    None.

Critical Paths under _INT_ALTA in COMRAM

    None.

Critical Paths under _main in BANK0

    None.

Critical Paths under _INT_BAJA in BANK0

    None.

Critical Paths under _INT_ALTA in BANK0

    None.

Critical Paths under _main in BANK1

    None.

Critical Paths under _INT_BAJA in BANK1

    None.

Critical Paths under _INT_ALTA in BANK1

    None.

Critical Paths under _main in BANK2

    None.

Critical Paths under _INT_BAJA in BANK2

    None.

Critical Paths under _INT_ALTA in BANK2

    None.

Critical Paths under _main in BANK3

    None.

Critical Paths under _INT_BAJA in BANK3

    None.

Critical Paths under _INT_ALTA in BANK3

    None.

Critical Paths under _main in BANK4

    None.

Critical Paths under _INT_BAJA in BANK4

    None.

Critical Paths under _INT_ALTA in BANK4

    None.

Critical Paths under _main in BANK5

    None.

Critical Paths under _INT_BAJA in BANK5

    None.

Critical Paths under _INT_ALTA in BANK5

    None.

Critical Paths under _main in BANK6

    None.

Critical Paths under _INT_BAJA in BANK6

    None.

Critical Paths under _INT_ALTA in BANK6

    None.

Critical Paths under _main in BANK7

    None.

Critical Paths under _INT_BAJA in BANK7

    None.

Critical Paths under _INT_ALTA in BANK7

    None.

Call Graph Tables:

 ---------------------------------------------------------------------------------
 (Depth) Function   	        Calls       Base Space   Used Autos Params    Refs
 ---------------------------------------------------------------------------------
 (0) _main                                                 0     0      0       0
                           _INT_Init
 ---------------------------------------------------------------------------------
 (1) _INT_Init                                             0     0      0       0
 ---------------------------------------------------------------------------------
 Estimated maximum stack depth 1
 ---------------------------------------------------------------------------------
 (Depth) Function   	        Calls       Base Space   Used Autos Params    Refs
 ---------------------------------------------------------------------------------
 (2) _INT_BAJA                                             1     1      0       0
                                              0 COMRAM     1     1      0
 ---------------------------------------------------------------------------------
 Estimated maximum stack depth 2
 ---------------------------------------------------------------------------------
 (Depth) Function   	        Calls       Base Space   Used Autos Params    Refs
 ---------------------------------------------------------------------------------
 (3) _INT_ALTA                                             0     0      0       0
 ---------------------------------------------------------------------------------
 Estimated maximum stack depth 3
 ---------------------------------------------------------------------------------

 Call Graph Graphs:

 _main (ROOT)
   _INT_Init

 _INT_BAJA (ROOT)

 _INT_ALTA (ROOT)

 Address spaces:
Name               Size   Autos  Total    Cost      Usage
BITCOMRAM           5E      0       0       0        0.0%
EEDATA             100      0       0       0        0.0%
NULL                 0      0       0       0        0.0%
CODE                 0      0       0       0        0.0%
COMRAM              5E      1       1       1        1.1%
STACK                0      0       0       2        0.0%
DATA                 0      0       0       3        0.0%
BITBANK0            A0      0       0       4        0.0%
BANK0               A0      0       0       5        0.0%
BITBANK1           100      0       0       6        0.0%
BANK1              100      0       0       7        0.0%
BITBANK2           100      0       0       8        0.0%
BANK2              100      0       0       9        0.0%
BITBANK3           100      0       0      10        0.0%
BANK3              100      0       0      11        0.0%
BITBANK4           100      0       0      12        0.0%
BANK4              100      0       0      13        0.0%
BITBANK5           100      0       0      14        0.0%
BANK5              100      0       0      15        0.0%
BITBANK6           100      0       0      16        0.0%
BANK6              100      0       0      17        0.0%
BITBANK7           100      0       0      18        0.0%
BANK7              100      0       0      19        0.0%
ABS                  0      0       0      20        0.0%
BIGRAM             7FF      0       0      21        0.0%
BITSFR               0      0       0     200        0.0%
SFR                  0      0       0     200        0.0%


Microchip Technology PIC18 Macro Assembler V2.32 build 20210201212658 
Symbol Table                                                                                   Mon Apr 12 03:39:34 2021

                     l15 0056                       l36 0080                       bsr 000FE0  
                    l712 003C                      l722 007A                      l724 007E  
                   i1l27 0030                     i2l21 006C                     _main 007A  
                   btemp 0002                     start 0038             ___param_bank 000000  
                  ?_main 0001         __end_of_INT_BAJA 0038         __end_of_INT_ALTA 0070  
                  i1l720 002C                    i1l718 001E                    i2l714 005A  
                  i2l716 0068         __end_of_INT_Init 0058                    ttemp5 0003  
                  ttemp6 0006                    ttemp7 000A                    wtemp8 0003  
        __initialization 0070             __end_of_main 0084                   ??_main 0002  
          __activetblptr 000000                   i1u2_20 002C                   i1u2_21 0028  
                 i2u1_40 0068                   i2u1_41 0064                   isa$std 000001  
             __accesstop 0060  __end_of__initialization 0070            ___rparam_used 000001  
              ?_INT_BAJA 0001                ?_INT_ALTA 0001                ?_INT_Init 0001  
         __pcstackCOMRAM 0001               ??_INT_BAJA 0001               ??_INT_ALTA 0001  
             ??_INT_Init 0002                  __Hparam 0000                  __Lparam 0000  
                __pcinit 0070                  __ramtop 0800                  __ptext0 007A  
                __ptext1 003C           __pintcode_body 0058     end_of_initialization 0070  
                int_func 0058                _TRISBbits 000F93                _TRISDbits 000F95  
      __size_of_INT_BAJA 0020        __size_of_INT_ALTA 0068        __size_of_INT_Init 001C  
    start_initialization 0070                __pintcode 0008              __pintcodelo 0018  
               _LATDbits 000F8C                 _INT_BAJA 0018                 _INT_ALTA 0008  
               _INT_Init 003C                 _RCONbits 000FD0              _INTCON2bits 000FF1  
            _INTCON3bits 000FF0                 __Hrparam 0000                 __Lrparam 0000  
          __size_of_main 000A                 isa$xinst 000000                 int$flags 0002  
             _INTCONbits 000FF2                 intlevel1 0000                 intlevel2 0000  
